::1 - - [06/Jul/2024:03:18:44 +0000] "GET /lien-he HTTP/1.1" 304 -
::1 - - [06/Jul/2024:03:18:56 +0000] "GET / HTTP/1.1" 500 78
::1 - - [06/Jul/2024:03:31:44 +0000] "GET / HTTP/1.1" 500 21
::1 - - [06/Jul/2024:03:32:01 +0000] "GET / HTTP/1.1" 500 21
::1 - - [06/Jul/2024:03:32:49 +0000] "GET / HTTP/1.1" 500 21
::1 - - [06/Jul/2024:03:32:55 +0000] "GET /egdgdgrdg HTTP/1.1" 404 21
::1 - - [06/Jul/2024:03:33:17 +0000] "GET /egdgdgrdg HTTP/1.1" 404 21
::1 - - [06/Jul/2024:03:33:22 +0000] "GET /egdgdgrdg HTTP/1.1" 404 21
::1 - - [06/Jul/2024:03:33:30 +0000] "GET /egdgdgrdgdsdfsvsdvs HTTP/1.1" 404 21
::1 - - [06/Jul/2024:03:33:37 +0000] "GET /egdgdgrdgdsdfsvsdvs HTTP/1.1" 404 21
::1 - - [06/Jul/2024:03:35:28 +0000] "GET / HTTP/1.1" 500 21
::1 - - [06/Jul/2024:03:35:49 +0000] "GET / HTTP/1.1" 200 599
::1 - - [06/Jul/2024:03:35:49 +0000] "GET /assets/css/style.css HTTP/1.1" 304 -
::1 - - [06/Jul/2024:03:35:49 +0000] "GET /assets/js/script.js HTTP/1.1" 304 -
::1 - - [06/Jul/2024:03:39:21 +0000] "GET / HTTP/1.1" 304 -
::1 - - [06/Jul/2024:03:39:21 +0000] "GET /assets/css/style.css HTTP/1.1" 304 -
::1 - - [06/Jul/2024:03:39:21 +0000] "GET /assets/js/script.js HTTP/1.1" 304 -
::1 - - [06/Jul/2024:03:40:00 +0000] "GET / HTTP/1.1" 304 -
::1 - - [06/Jul/2024:03:40:00 +0000] "GET /assets/css/style.css HTTP/1.1" 304 -
::1 - - [06/Jul/2024:03:40:00 +0000] "GET /assets/js/script.js HTTP/1.1" 304 -
::1 - - [06/Jul/2024:03:41:52 +0000] "GET / HTTP/1.1" 500 148
::1 - - [06/Jul/2024:03:41:59 +0000] "GET / HTTP/1.1" 500 148
::1 - - [06/Jul/2024:03:42:04 +0000] "GET / HTTP/1.1" 500 148
::1 - - [06/Jul/2024:03:42:18 +0000] "GET / HTTP/1.1" 200 599
::1 - - [06/Jul/2024:03:42:18 +0000] "GET /assets/css/style.css HTTP/1.1" 304 -
::1 - - [06/Jul/2024:03:42:18 +0000] "GET /assets/js/script.js HTTP/1.1" 304 -
::1 - - [06/Jul/2024:03:42:43 +0000] "GET / HTTP/1.1" 304 -
::1 - - [06/Jul/2024:03:42:43 +0000] "GET /assets/css/style.css HTTP/1.1" 304 -
::1 - - [06/Jul/2024:03:42:43 +0000] "GET /assets/js/script.js HTTP/1.1" 304 -
::1 - - [06/Jul/2024:03:43:08 +0000] "GET / HTTP/1.1" 304 -
::1 - - [06/Jul/2024:03:43:08 +0000] "GET /assets/css/style.css HTTP/1.1" 304 -
::1 - - [06/Jul/2024:03:43:08 +0000] "GET /assets/js/script.js HTTP/1.1" 304 -
::1 - - [06/Jul/2024:03:43:20 +0000] "GET / HTTP/1.1" 304 -
::1 - - [06/Jul/2024:03:43:20 +0000] "GET /assets/css/style.css HTTP/1.1" 304 -
::1 - - [06/Jul/2024:03:43:20 +0000] "GET /assets/js/script.js HTTP/1.1" 304 -
::1 - - [06/Jul/2024:03:43:49 +0000] "GET / HTTP/1.1" 304 -
::1 - - [06/Jul/2024:03:43:49 +0000] "GET /assets/css/style.css HTTP/1.1" 304 -
::1 - - [06/Jul/2024:03:43:49 +0000] "GET /assets/js/script.js HTTP/1.1" 304 -
::1 - - [06/Jul/2024:03:44:43 +0000] "GET / HTTP/1.1" 304 -
::1 - - [06/Jul/2024:03:44:43 +0000] "GET /assets/css/style.css HTTP/1.1" 304 -
::1 - - [06/Jul/2024:03:44:43 +0000] "GET /assets/js/script.js HTTP/1.1" 304 -
::1 - - [06/Jul/2024:03:44:51 +0000] "GET /assets/css/style.css HTTP/1.1" 304 -
::1 - - [06/Jul/2024:03:44:56 +0000] "GET / HTTP/1.1" 304 -
::1 - - [06/Jul/2024:03:44:56 +0000] "GET /assets/css/style.css HTTP/1.1" 304 -
::1 - - [06/Jul/2024:03:44:56 +0000] "GET /assets/js/script.js HTTP/1.1" 304 -
::1 - - [06/Jul/2024:03:45:10 +0000] "GET / HTTP/1.1" 304 -
::1 - - [06/Jul/2024:03:45:10 +0000] "GET /assets/css/style.css HTTP/1.1" 304 -
::1 - - [06/Jul/2024:03:45:10 +0000] "GET /assets/js/script.js HTTP/1.1" 304 -
::1 - - [06/Jul/2024:03:45:21 +0000] "GET / HTTP/1.1" 304 -
::1 - - [06/Jul/2024:03:45:21 +0000] "GET /assets/css/style.css HTTP/1.1" 304 -
::1 - - [06/Jul/2024:03:45:21 +0000] "GET /assets/js/script.js HTTP/1.1" 304 -
::1 - - [06/Jul/2024:03:50:33 +0000] "GET / HTTP/1.1" 304 -
::1 - - [06/Jul/2024:03:50:33 +0000] "GET /assets/css/style.css HTTP/1.1" 304 -
::1 - - [06/Jul/2024:03:50:33 +0000] "GET /assets/js/script.js HTTP/1.1" 304 -
::1 - - [06/Jul/2024:03:51:19 +0000] "GET /gioi=thieu HTTP/1.1" 500 148
::1 - - [06/Jul/2024:03:51:29 +0000] "GET /gioi-thieu HTTP/1.1" 304 -
::1 - - [06/Jul/2024:03:51:29 +0000] "GET /assets/css/style.css HTTP/1.1" 304 -
::1 - - [06/Jul/2024:03:51:29 +0000] "GET /assets/js/script.js HTTP/1.1" 304 -
::1 - - [06/Jul/2024:03:51:58 +0000] "GET /gioi-thieu HTTP/1.1" 304 -
::1 - - [06/Jul/2024:03:51:58 +0000] "GET /assets/css/style.css HTTP/1.1" 304 -
::1 - - [06/Jul/2024:03:51:58 +0000] "GET /assets/js/script.js HTTP/1.1" 304 -
::1 - - [06/Jul/2024:03:52:17 +0000] "GET /gioi-thieu HTTP/1.1" 304 -
::1 - - [06/Jul/2024:03:52:17 +0000] "GET /assets/css/style.css HTTP/1.1" 304 -
::1 - - [06/Jul/2024:03:52:17 +0000] "GET /assets/js/script.js HTTP/1.1" 304 -
::1 - - [06/Jul/2024:03:55:39 +0000] "GET /gioi-thieu HTTP/1.1" 304 -
::1 - - [06/Jul/2024:03:55:39 +0000] "GET /assets/css/style.css HTTP/1.1" 304 -
::1 - - [06/Jul/2024:03:55:39 +0000] "GET /assets/js/script.js HTTP/1.1" 304 -
::1 - - [06/Jul/2024:03:55:46 +0000] "GET /gioi-thieu HTTP/1.1" 304 -
::1 - - [06/Jul/2024:03:55:46 +0000] "GET /assets/css/style.css HTTP/1.1" 304 -
::1 - - [06/Jul/2024:03:55:46 +0000] "GET /assets/js/script.js HTTP/1.1" 304 -
::1 - - [06/Jul/2024:04:26:26 +0000] "GET /auth/login HTTP/1.1" - -
::1 - - [06/Jul/2024:04:26:47 +0000] "GET /auth/login HTTP/1.1" - -
::1 - - [06/Jul/2024:04:27:04 +0000] "GET / HTTP/1.1" 304 -
::1 - - [06/Jul/2024:04:27:04 +0000] "GET /assets/js/script.js HTTP/1.1" 304 -
::1 - - [06/Jul/2024:04:27:04 +0000] "GET /assets/css/style.css HTTP/1.1" 304 -
::1 - - [06/Jul/2024:04:29:12 +0000] "GET /auth/login HTTP/1.1" 200 360
::1 - - [06/Jul/2024:04:29:14 +0000] "GET /auth/login HTTP/1.1" 304 -
::1 - - [06/Jul/2024:04:29:16 +0000] "GET /auth/login HTTP/1.1" 304 -
::1 - - [06/Jul/2024:04:33:33 +0000] "GET /auth/login HTTP/1.1" 304 -
::1 - - [06/Jul/2024:04:37:57 +0000] "GET /auth/login HTTP/1.1" 304 -
::1 - - [06/Jul/2024:04:37:59 +0000] "GET /auth/login HTTP/1.1" 304 -
::1 - - [06/Jul/2024:04:38:58 +0000] "GET /auth/login HTTP/1.1" 304 -
::1 - - [06/Jul/2024:04:40:47 +0000] "GET /auth/login HTTP/1.1" 304 -
::1 - - [06/Jul/2024:04:41:06 +0000] "GET /auth/login HTTP/1.1" 200 514
::1 - - [06/Jul/2024:04:41:32 +0000] "GET /auth/login HTTP/1.1" 304 -
::1 - - [06/Jul/2024:04:41:36 +0000] "GET /auth/login HTTP/1.1" 304 -
::1 - - [06/Jul/2024:04:42:49 +0000] "GET /auth/login HTTP/1.1" 304 -
::1 - - [06/Jul/2024:04:44:40 +0000] "GET /auth/login HTTP/1.1" 304 -
::1 - - [06/Jul/2024:04:46:42 +0000] "GET /auth/login HTTP/1.1" 304 -
::1 - - [06/Jul/2024:04:46:46 +0000] "GET / HTTP/1.1" 304 -
::1 - - [06/Jul/2024:04:46:46 +0000] "GET /assets/css/style.css HTTP/1.1" 304 -
::1 - - [06/Jul/2024:04:46:46 +0000] "GET /assets/js/script.js HTTP/1.1" 304 -
::1 - - [06/Jul/2024:04:47:09 +0000] "GET /auth/login HTTP/1.1" 304 -
::1 - - [06/Jul/2024:04:48:19 +0000] "GET /auth/login HTTP/1.1" 304 -
::1 - - [06/Jul/2024:04:49:45 +0000] "GET / HTTP/1.1" 304 -
::1 - - [06/Jul/2024:04:49:45 +0000] "GET /assets/css/style.css HTTP/1.1" 304 -
::1 - - [06/Jul/2024:04:49:45 +0000] "GET /assets/js/script.js HTTP/1.1" 304 -
::1 - - [06/Jul/2024:04:49:50 +0000] "GET /auth/login HTTP/1.1" 304 -
::1 - - [06/Jul/2024:04:50:56 +0000] "GET /auth/login HTTP/1.1" 500 1689
::1 - - [06/Jul/2024:04:50:59 +0000] "GET /auth/login HTTP/1.1" 500 1689
::1 - - [06/Jul/2024:04:51:11 +0000] "GET /auth/login HTTP/1.1" 500 1689
::1 - - [06/Jul/2024:04:51:12 +0000] "GET /auth/login HTTP/1.1" 500 1689
::1 - - [06/Jul/2024:04:51:12 +0000] "GET /auth/login HTTP/1.1" 500 1689
::1 - - [06/Jul/2024:04:51:12 +0000] "GET /auth/login HTTP/1.1" 500 1689
::1 - - [06/Jul/2024:04:53:39 +0000] "GET /auth/login HTTP/1.1" 200 514
::1 - - [06/Jul/2024:04:54:44 +0000] "GET /auth/login HTTP/1.1" 200 11
::1 - - [06/Jul/2024:04:55:12 +0000] "GET /auth/login HTTP/1.1" 200 523
::1 - - [06/Jul/2024:04:55:13 +0000] "GET /auth/login HTTP/1.1" 304 -
::1 - - [06/Jul/2024:04:55:13 +0000] "GET /auth/login HTTP/1.1" 304 -
::1 - - [06/Jul/2024:04:56:00 +0000] "GET /auth/login HTTP/1.1" 200 1206
::1 - - [06/Jul/2024:04:56:26 +0000] "GET /auth/login HTTP/1.1" 304 -
::1 - - [06/Jul/2024:04:56:32 +0000] "POST /auth/login HTTP/1.1" - -
::ffff:127.0.0.1 - - [06/Jul/2024:04:56:32 +0000] "POST /auth/login HTTP/1.1" - -
::1 - - [06/Jul/2024:04:56:33 +0000] "POST /auth/login HTTP/1.1" - -
::1 - - [06/Jul/2024:04:56:34 +0000] "GET /auth/login HTTP/1.1" 304 -
::1 - - [06/Jul/2024:04:56:36 +0000] "POST /auth/login HTTP/1.1" 302 66
::1 - - [06/Jul/2024:04:56:36 +0000] "GET /auth/login HTTP/1.1" 200 1206
::1 - - [06/Jul/2024:04:56:37 +0000] "POST /auth/login HTTP/1.1" 302 66
::1 - - [06/Jul/2024:04:56:37 +0000] "GET /auth/login HTTP/1.1" 200 1206
::1 - - [06/Jul/2024:04:56:41 +0000] "POST /auth/login HTTP/1.1" 302 66
::1 - - [06/Jul/2024:04:56:41 +0000] "GET /auth/login HTTP/1.1" 200 1206
::1 - - [06/Jul/2024:04:58:15 +0000] "GET /auth/login HTTP/1.1" 200 1226
::1 - - [06/Jul/2024:04:58:33 +0000] "GET /auth/login HTTP/1.1" 200 1226
::1 - - [06/Jul/2024:04:58:51 +0000] "GET /auth/login HTTP/1.1" 200 1215
::1 - - [06/Jul/2024:04:59:37 +0000] "GET /auth/login HTTP/1.1" 200 1336
::1 - - [06/Jul/2024:04:59:45 +0000] "GET /auth/login HTTP/1.1" 200 1336
::1 - - [06/Jul/2024:05:00:09 +0000] "GET /auth/login HTTP/1.1" 304 -
::1 - - [26/Jul/2024:18:32:14 +0000] "GET / HTTP/1.1" 200 599
::1 - - [26/Jul/2024:18:32:14 +0000] "GET /assets/js/script.js HTTP/1.1" 304 -
::1 - - [26/Jul/2024:18:32:14 +0000] "GET /assets/css/style.css HTTP/1.1" 304 -
::1 - - [05/Aug/2024:11:17:49 +0000] "GET / HTTP/1.1" 404 71
::1 - - [05/Aug/2024:11:17:49 +0000] "GET /favicon.ico HTTP/1.1" 404 71
::1 - - [05/Aug/2024:11:17:54 +0000] "GET /courses HTTP/1.1" 200 626
::1 - - [05/Aug/2024:11:21:25 +0000] "GET /courses/4 HTTP/1.1" 200 127
::1 - - [05/Aug/2024:11:24:06 +0000] "GET /courses HTTP/1.1" 200 626
::1 - - [05/Aug/2024:11:24:12 +0000] "GET /courses/9 HTTP/1.1" 200 134
::1 - - [05/Aug/2024:11:28:12 +0000] "POST /courses HTTP/1.1" 200 129
::1 - - [05/Aug/2024:11:30:58 +0000] "POST /courses/update/12 HTTP/1.1" 200 14
::1 - - [05/Aug/2024:11:31:15 +0000] "GET /courses HTTP/1.1" 200 740
::1 - - [05/Aug/2024:11:31:24 +0000] "POST /courses HTTP/1.1" 200 125
::1 - - [05/Aug/2024:11:31:30 +0000] "GET /courses HTTP/1.1" 200 855
::1 - - [05/Aug/2024:11:31:46 +0000] "POST /courses/4 HTTP/1.1" 404 71
::1 - - [05/Aug/2024:11:31:57 +0000] "POST /courses/update/4 HTTP/1.1" 200 14
::1 - - [05/Aug/2024:11:32:02 +0000] "GET /courses HTTP/1.1" 200 852
::1 - - [05/Aug/2024:11:33:32 +0000] "POST /courses/delete/4 HTTP/1.1" 200 12
::1 - - [05/Aug/2024:11:33:36 +0000] "GET /courses HTTP/1.1" 200 738
::1 - - [05/Aug/2024:11:33:46 +0000] "POST /courses/delete/13 HTTP/1.1" 200 12
::1 - - [05/Aug/2024:11:33:49 +0000] "GET /courses HTTP/1.1" 200 623
::1 - - [05/Aug/2024:11:38:32 +0000] "GET /courses HTTP/1.1" 200 623
::1 - - [05/Aug/2024:11:40:02 +0000] "GET /courses/12 HTTP/1.1" 404 71
::1 - - [05/Aug/2024:11:40:26 +0000] "GET /courses/12 HTTP/1.1" 404 71
::1 - - [05/Aug/2024:11:40:35 +0000] "GET /courses HTTP/1.1" 200 623
::1 - - [05/Aug/2024:11:40:39 +0000] "GET /courses/6 HTTP/1.1" 404 71
::1 - - [05/Aug/2024:11:40:40 +0000] "GET /courses/6 HTTP/1.1" 404 71
::1 - - [05/Aug/2024:11:44:04 +0000] "GET /courses/6 HTTP/1.1" 200 132
::1 - - [05/Aug/2024:11:45:30 +0000] "GET /courses/6 HTTP/1.1" 200 132
::1 - - [05/Aug/2024:11:45:33 +0000] "GET /courses/7 HTTP/1.1" 200 15
::1 - - [05/Aug/2024:11:45:35 +0000] "GET /courses HTTP/1.1" 200 623
::1 - - [05/Aug/2024:11:45:41 +0000] "GET /courses/10 HTTP/1.1" 200 135
::1 - - [05/Aug/2024:11:51:45 +0000] "POST /courses HTTP/1.1" 200 127
::1 - - [05/Aug/2024:11:54:06 +0000] "POST /courses/update/15 HTTP/1.1" 200 14
::1 - - [05/Aug/2024:11:54:11 +0000] "GET /courses HTTP/1.1" 200 860
::1 - - [05/Aug/2024:11:55:06 +0000] "POST /courses/delete/15 HTTP/1.1" 200 12
::1 - - [05/Aug/2024:11:55:09 +0000] "GET /courses HTTP/1.1" 200 738
::1 - - [05/Aug/2024:12:04:08 +0000] "GET /courses HTTP/1.1" 200 212
::1 - - [05/Aug/2024:12:04:43 +0000] "GET /courses HTTP/1.1" 200 649
::1 - - [05/Aug/2024:12:05:11 +0000] "GET /courses HTTP/1.1" 200 738
::1 - - [05/Aug/2024:12:05:22 +0000] "GET /courses HTTP/1.1" 200 738
::1 - - [05/Aug/2024:12:07:36 +0000] "GET /courses HTTP/1.1" 200 616
::1 - - [05/Aug/2024:12:08:14 +0000] "GET /courses HTTP/1.1" 200 616
::1 - - [05/Aug/2024:12:08:26 +0000] "GET /courses HTTP/1.1" 200 242
::1 - - [05/Aug/2024:12:09:14 +0000] "GET /courses HTTP/1.1" 200 738
::1 - - [05/Aug/2024:12:16:20 +0000] "GET /courses?id=9&name=ht&price=9999999 HTTP/1.1" 200 738
::1 - - [05/Aug/2024:12:16:31 +0000] "GET /courses?id=9&name=ht&price=9999999 HTTP/1.1" 200 738
::1 - - [05/Aug/2024:12:17:11 +0000] "GET /courses?id=9&name=ht&price=9999999 HTTP/1.1" 200 263
::1 - - [05/Aug/2024:12:21:27 +0000] "POST /courses/deletes HTTP/1.1" 200 12
::1 - - [05/Aug/2024:12:21:33 +0000] "POST /courses/deletes HTTP/1.1" 200 12
::1 - - [05/Aug/2024:12:21:41 +0000] "GET /courses HTTP/1.1" 200 613
::1 - - [05/Aug/2024:12:32:02 +0000] "POST /courses/deletes HTTP/1.1" 400 30
::1 - - [05/Aug/2024:12:32:15 +0000] "POST /courses/deletes HTTP/1.1" 200 12
::1 - - [05/Aug/2024:12:32:27 +0000] "POST /courses/deletes HTTP/1.1" 400 30
::1 - - [05/Aug/2024:12:32:40 +0000] "POST /courses/deletes HTTP/1.1" 500 1722
::1 - - [05/Aug/2024:12:32:44 +0000] "POST /courses/deletes HTTP/1.1" 400 30
::1 - - [05/Aug/2024:12:35:07 +0000] "GET /courses HTTP/1.1" 200 613
::1 - - [05/Aug/2024:12:35:52 +0000] "GET /courses HTTP/1.1" 200 175
::1 - - [05/Aug/2024:12:36:17 +0000] "GET /courses HTTP/1.1" 200 541
::1 - - [05/Aug/2024:12:37:25 +0000] "GET /courses HTTP/1.1" 200 613
::1 - - [05/Aug/2024:12:38:10 +0000] "GET /courses HTTP/1.1" 200 367
::1 - - [05/Aug/2024:12:38:48 +0000] "GET /courses HTTP/1.1" 200 242
::1 - - [05/Aug/2024:12:39:46 +0000] "GET /courses HTTP/1.1" 200 613
::1 - - [05/Aug/2024:12:40:08 +0000] "GET /courses/?id=10&name=htm&price=10000000 HTTP/1.1" 200 613
::1 - - [05/Aug/2024:12:42:10 +0000] "GET /courses/?id=10&name=htm&price=10000000 HTTP/1.1" 200 367
::1 - - [05/Aug/2024:12:42:56 +0000] "GET /courses/?id=10&name=htm&price=10000000 HTTP/1.1" 200 14
::1 - - [05/Aug/2024:12:43:15 +0000] "GET /courses/?id=6&name=htm&price=10000000 HTTP/1.1" 200 14
::1 - - [05/Aug/2024:12:43:36 +0000] "GET /courses/?id=6&name=htm&price=10000000 HTTP/1.1" 200 14
::1 - - [05/Aug/2024:12:44:20 +0000] "GET /courses/?id=6&name=htm&price=10000000 HTTP/1.1" 200 242
::1 - - [05/Aug/2024:12:44:31 +0000] "GET /courses/?id=13&name=htm&price=10000000 HTTP/1.1" 200 128
::1 - - [05/Aug/2024:12:45:08 +0000] "GET /courses/?id=13&name=htm&price=10000000 HTTP/1.1" 200 14
::1 - - [05/Aug/2024:12:45:28 +0000] "GET /courses/?id=13&name=htm&price=10000000 HTTP/1.1" 200 128
::1 - - [05/Aug/2024:12:46:31 +0000] "GET /courses/?id=13&name=htm&price=10000000 HTTP/1.1" 200 613
::1 - - [05/Aug/2024:12:47:24 +0000] "GET /courses/?id=13&name=htm&price=10 HTTP/1.1" 200 613
::1 - - [05/Aug/2024:12:48:14 +0000] "GET /courses HTTP/1.1" 304 -
::1 - - [05/Aug/2024:12:50:33 +0000] "POST /courses/deletes HTTP/1.1" 200 12
::1 - - [05/Aug/2024:12:50:36 +0000] "GET /courses HTTP/1.1" 200 367
::1 - - [05/Aug/2024:12:51:45 +0000] "POST /courses/deletes HTTP/1.1" 400 17
::1 - - [05/Aug/2024:12:51:51 +0000] "POST /courses/deletes HTTP/1.1" 200 12
::1 - - [05/Aug/2024:12:52:03 +0000] "POST /courses/deletes HTTP/1.1" 500 1722
::1 - - [05/Aug/2024:12:52:16 +0000] "POST /courses/deletes HTTP/1.1" 400 17
::1 - - [05/Aug/2024:12:52:24 +0000] "POST /courses/deletes HTTP/1.1" 500 1722
::1 - - [05/Aug/2024:12:52:31 +0000] "POST /courses/deletes HTTP/1.1" 200 12
::1 - - [05/Aug/2024:12:52:35 +0000] "GET /courses HTTP/1.1" 200 242
::1 - - [05/Aug/2024:14:01:39 +0000] "GET /users HTTP/1.1" 200 22
::1 - - [05/Aug/2024:14:01:56 +0000] "GET /users HTTP/1.1" 200 22
::1 - - [05/Aug/2024:14:11:05 +0000] "GET /users/1 HTTP/1.1" 200 13
::1 - - [05/Aug/2024:14:11:31 +0000] "GET /users/1 HTTP/1.1" 200 13
::1 - - [05/Aug/2024:14:11:33 +0000] "GET /users/1 HTTP/1.1" 200 13
::1 - - [05/Aug/2024:14:11:39 +0000] "GET /users/1 HTTP/1.1" 200 13
::1 - - [05/Aug/2024:14:11:59 +0000] "GET /users HTTP/1.1" 200 22
::1 - - [05/Aug/2024:14:18:07 +0000] "GET /users HTTP/1.1" 200 22
::1 - - [05/Aug/2024:14:18:10 +0000] "GET /users/1 HTTP/1.1" 200 13
::1 - - [05/Aug/2024:14:20:18 +0000] "GET /users HTTP/1.1" 200 22
::1 - - [05/Aug/2024:14:20:29 +0000] "GET /users/1 HTTP/1.1" 200 13
::1 - - [05/Aug/2024:14:20:51 +0000] "GET /users/1 HTTP/1.1" 200 13
::1 - - [05/Aug/2024:14:21:03 +0000] "GET /users/1 HTTP/1.1" 200 2
::1 - - [05/Aug/2024:14:23:34 +0000] "GET /users HTTP/1.1" 200 22
::1 - - [05/Aug/2024:14:23:36 +0000] "GET /users/1 HTTP/1.1" 200 13
::1 - - [05/Aug/2024:14:23:55 +0000] "GET /users/1 HTTP/1.1" 200 2
::1 - - [05/Aug/2024:14:24:13 +0000] "GET /users/1 HTTP/1.1" 200 2
::1 - - [05/Aug/2024:14:24:27 +0000] "GET /users/1 HTTP/1.1" 200 11
::1 - - [05/Aug/2024:14:24:35 +0000] "GET /users/1 HTTP/1.1" 200 13
::1 - - [05/Aug/2024:14:28:46 +0000] "GET /users HTTP/1.1" 200 22
::1 - - [05/Aug/2024:15:02:02 +0000] "GET /users/1 HTTP/1.1" 200 13
::1 - - [05/Aug/2024:15:04:21 +0000] "GET /users/1 HTTP/1.1" 200 13
::1 - - [05/Aug/2024:15:06:39 +0000] "GET /users HTTP/1.1" 200 22
::1 - - [05/Aug/2024:15:06:56 +0000] "GET /users HTTP/1.1" 200 22
::1 - - [05/Aug/2024:15:09:29 +0000] "GET /users HTTP/1.1" 200 22
::1 - - [05/Aug/2024:15:09:32 +0000] "GET /users/1 HTTP/1.1" 200 13
::1 - - [10/Aug/2024:14:13:25 +0000] "GET / HTTP/1.1" 404 71
::1 - - [10/Aug/2024:14:13:28 +0000] "GET /auth/login HTTP/1.1" 404 71
::1 - - [10/Aug/2024:14:13:30 +0000] "GET / HTTP/1.1" 404 71
::1 - - [10/Aug/2024:14:13:30 +0000] "GET / HTTP/1.1" 404 71
::1 - - [10/Aug/2024:14:13:30 +0000] "GET /favicon.ico HTTP/1.1" 404 71
::1 - - [10/Aug/2024:14:15:24 +0000] "GET /courses HTTP/1.1" 200 2
::1 - - [10/Aug/2024:14:16:26 +0000] "GET /courses HTTP/1.1" 200 19
::1 - - [10/Aug/2024:14:29:31 +0000] "GET /courses HTTP/1.1" 200 220
::1 - - [10/Aug/2024:14:29:45 +0000] "GET /courses HTTP/1.1" 200 220
::1 - - [10/Aug/2024:14:31:24 +0000] "GET /courses/2 HTTP/1.1" 404 71
::1 - - [10/Aug/2024:14:31:50 +0000] "GET /courses/2 HTTP/1.1" 200 113
::1 - - [10/Aug/2024:14:31:53 +0000] "GET /courses/1 HTTP/1.1" 200 114
::1 - - [10/Aug/2024:14:33:18 +0000] "GET /courses/1 HTTP/1.1" 200 114
::1 - - [10/Aug/2024:14:33:21 +0000] "GET /courses/2 HTTP/1.1" 200 113
::1 - - [10/Aug/2024:14:45:08 +0000] "GET /courses HTTP/1.1" 200 220
::1 - - [10/Aug/2024:14:45:16 +0000] "POST /courses HTTP/1.1" 200 113
::1 - - [10/Aug/2024:14:45:35 +0000] "POST /courses HTTP/1.1" 200 113
::1 - - [10/Aug/2024:14:46:19 +0000] "POST /courses HTTP/1.1" 200 128
::1 - - [10/Aug/2024:14:49:21 +0000] "POST /courses HTTP/1.1" 200 128
::1 - - [10/Aug/2024:14:55:55 +0000] "POST /courses/6 HTTP/1.1" 200 14
::1 - - [10/Aug/2024:14:59:41 +0000] "DELETE /courses/6 HTTP/1.1" 200 12
::1 - - [10/Aug/2024:15:00:11 +0000] "DELETE /courses/6 HTTP/1.1" 404 71
::1 - - [10/Aug/2024:15:00:14 +0000] "DELETE /courses/5 HTTP/1.1" 404 71
::1 - - [10/Aug/2024:15:00:21 +0000] "POST /courses/5 HTTP/1.1" 200 14
::1 - - [10/Aug/2024:15:02:04 +0000] "POST /courses/2 HTTP/1.1" 200 14
::1 - - [10/Aug/2024:15:03:27 +0000] "POST /courses/5 HTTP/1.1" 200 14
::1 - - [10/Aug/2024:15:03:40 +0000] "DELETE /courses/5 HTTP/1.1" 200 12
::1 - - [10/Aug/2024:15:29:50 +0000] "GET /courses HTTP/1.1" 200 250
::1 - - [10/Aug/2024:15:29:50 +0000] "GET /favicon.ico HTTP/1.1" 404 71
::1 - - [10/Aug/2024:15:30:16 +0000] "GET /courses HTTP/1.1" 200 250
::1 - - [10/Aug/2024:15:33:27 +0000] "GET /courses HTTP/1.1" 200 76
::1 - - [10/Aug/2024:15:34:39 +0000] "GET /courses HTTP/1.1" 200 236
::1 - - [10/Aug/2024:15:35:30 +0000] "GET /courses HTTP/1.1" 200 250
::1 - - [10/Aug/2024:15:36:50 +0000] "GET /courses HTTP/1.1" 200 130
::1 - - [10/Aug/2024:15:37:37 +0000] "GET /courses HTTP/1.1" 200 128
::1 - - [10/Aug/2024:15:38:15 +0000] "GET /courses HTTP/1.1" 200 245
::1 - - [10/Aug/2024:15:38:38 +0000] "GET /courses HTTP/1.1" 200 14
::1 - - [10/Aug/2024:15:38:47 +0000] "GET /courses HTTP/1.1" 200 245
::1 - - [10/Aug/2024:15:47:35 +0000] "GET /courses HTTP/1.1" 200 130
::1 - - [10/Aug/2024:15:49:20 +0000] "GET /courses HTTP/1.1" 200 130
::1 - - [10/Aug/2024:15:59:40 +0000] "GET /courses HTTP/1.1" 200 130
::1 - - [10/Aug/2024:16:03:12 +0000] "GET /courses HTTP/1.1" 200 365
::1 - - [10/Aug/2024:16:03:37 +0000] "GET /courses HTTP/1.1" 200 130
::1 - - [10/Aug/2024:16:04:06 +0000] "GET /courses HTTP/1.1" 200 245
::1 - - [10/Aug/2024:16:04:39 +0000] "GET /courses HTTP/1.1" 200 245
::1 - - [10/Aug/2024:16:14:48 +0000] "GET /courses?id=1 HTTP/1.1" 200 365
::1 - - [10/Aug/2024:16:18:53 +0000] "GET /courses?id=1 HTTP/1.1" 200 365
::1 - - [10/Aug/2024:16:21:17 +0000] "GET /courses?id=1&name=ss HTTP/1.1" 200 14
::1 - - [10/Aug/2024:16:22:00 +0000] "GET /courses?id=1&name=c HTTP/1.1" 200 128
::1 - - [10/Aug/2024:16:27:18 +0000] "GET /courses?id=1&name=c&price=2000 HTTP/1.1" 200 245
::1 - - [10/Aug/2024:16:29:16 +0000] "GET /courses?id=1&name=c&price=2000 HTTP/1.1" 200 245
::1 - - [10/Aug/2024:16:30:42 +0000] "GET /courses HTTP/1.1" 200 365
::1 - - [10/Aug/2024:16:33:09 +0000] "DELETE /courses HTTP/1.1" 200 13
::1 - - [10/Aug/2024:16:34:45 +0000] "DELETE /courses HTTP/1.1" 200 12
::1 - - [10/Aug/2024:16:36:47 +0000] "DELETE /courses HTTP/1.1" 400 29
::1 - - [10/Aug/2024:16:36:55 +0000] "DELETE /courses HTTP/1.1" 200 12
::1 - - [10/Aug/2024:16:37:05 +0000] "DELETE /courses HTTP/1.1" 400 29
::1 - - [10/Aug/2024:16:37:35 +0000] "DELETE /courses HTTP/1.1" 400 29
::1 - - [10/Aug/2024:18:03:07 +0000] "GET /users HTTP/1.1" 404 71
::1 - - [10/Aug/2024:18:04:19 +0000] "GET /users HTTP/1.1" 200 22
::1 - - [10/Aug/2024:18:07:00 +0000] "GET /users/1 HTTP/1.1" 200 180
::1 - - [10/Aug/2024:18:07:10 +0000] "GET /users/2 HTTP/1.1" 200 180
::1 - - [10/Aug/2024:18:09:57 +0000] "GET /users HTTP/1.1" 200 22
::1 - - [10/Aug/2024:18:12:05 +0000] "GET /users/2 HTTP/1.1" 200 309
::1 - - [10/Aug/2024:18:12:40 +0000] "GET /users/2 HTTP/1.1" 200 200
::1 - - [10/Aug/2024:18:20:49 +0000] "GET /users/011111111 HTTP/1.1" 200 21
::1 - - [10/Aug/2024:18:22:19 +0000] "GET /users/011111111 HTTP/1.1" 200 138
::1 - - [10/Aug/2024:18:22:48 +0000] "GET /users/011111111 HTTP/1.1" 200 180
::1 - - [10/Aug/2024:18:23:01 +0000] "GET /users/011111111 HTTP/1.1" 200 200
::1 - - [10/Aug/2024:18:24:05 +0000] "GET /users/011111111 HTTP/1.1" 200 200
::1 - - [10/Aug/2024:18:24:09 +0000] "GET /users/0111111111 HTTP/1.1" 404 33
::1 - - [10/Aug/2024:18:24:40 +0000] "GET /users/0111111111 HTTP/1.1" 404 24
::1 - - [10/Aug/2024:18:24:53 +0000] "GET /users/0111111111 HTTP/1.1" 404 34
::1 - - [11/Aug/2024:03:31:50 +0000] "GET /users/011111111 HTTP/1.1" 200 200
::1 - - [11/Aug/2024:04:06:51 +0000] "POST /users HTTP/1.1" 200 157
::1 - - [11/Aug/2024:04:07:30 +0000] "POST /users HTTP/1.1" 200 157
::1 - - [11/Aug/2024:04:08:01 +0000] "POST /users HTTP/1.1" 200 157
::1 - - [11/Aug/2024:04:21:18 +0000] "POST /users HTTP/1.1" 200 157
::1 - - [11/Aug/2024:04:21:49 +0000] "POST /users HTTP/1.1" 200 160
::1 - - [11/Aug/2024:04:22:10 +0000] "POST /users HTTP/1.1" 200 157
::1 - - [11/Aug/2024:04:22:33 +0000] "POST /users HTTP/1.1" 200 160
::1 - - [11/Aug/2024:04:27:53 +0000] "POST /users HTTP/1.1" 200 179
::1 - - [11/Aug/2024:04:29:06 +0000] "POST /users HTTP/1.1" 200 179
::1 - - [11/Aug/2024:04:46:17 +0000] "GET /users/1/posts HTTP/1.1" 200 10
::1 - - [11/Aug/2024:04:51:19 +0000] "GET /users/1/posts HTTP/1.1" 200 180
::1 - - [11/Aug/2024:04:51:47 +0000] "GET /users/1/posts HTTP/1.1" 200 412
::1 - - [11/Aug/2024:07:42:17 +0000] "GET /users/posts/1 HTTP/1.1" 200 10
::1 - - [11/Aug/2024:07:43:58 +0000] "GET /users/posts/1 HTTP/1.1" 200 82
::1 - - [11/Aug/2024:07:44:49 +0000] "GET /users/posts/1 HTTP/1.1" 200 180
::1 - - [11/Aug/2024:07:45:03 +0000] "GET /users/posts/4 HTTP/1.1" 200 180
::1 - - [11/Aug/2024:07:45:07 +0000] "GET /users/posts/3 HTTP/1.1" 200 180
::1 - - [11/Aug/2024:07:45:09 +0000] "GET /users/posts/4 HTTP/1.1" 200 180
::1 - - [11/Aug/2024:07:45:11 +0000] "GET /users/posts/5 HTTP/1.1" 200 180
::1 - - [11/Aug/2024:07:45:20 +0000] "GET /users/posts/4 HTTP/1.1" 200 180
::1 - - [11/Aug/2024:07:45:47 +0000] "GET /users/posts/ HTTP/1.1" 404 29
::1 - - [11/Aug/2024:07:46:23 +0000] "GET /users/posts/3 HTTP/1.1" 200 261
::1 - - [11/Aug/2024:07:46:50 +0000] "GET /users/posts/4 HTTP/1.1" 200 261
::1 - - [11/Aug/2024:07:46:59 +0000] "GET /users/posts/5 HTTP/1.1" 200 261
::1 - - [11/Aug/2024:07:47:02 +0000] "GET /users/posts/2 HTTP/1.1" 200 261
::1 - - [11/Aug/2024:07:49:46 +0000] "GET /users/create-post/1 HTTP/1.1" 404 71
::1 - - [11/Aug/2024:07:50:19 +0000] "POST /users/create-post/1 HTTP/1.1" 200 14
::1 - - [11/Aug/2024:07:51:57 +0000] "POST /users/create-post/1 HTTP/1.1" 200 180
::1 - - [11/Aug/2024:07:52:02 +0000] "POST /users/create-post/2 HTTP/1.1" 200 180
::1 - - [11/Aug/2024:07:52:55 +0000] "POST /users/create-post/2 HTTP/1.1" 200 128
::1 - - [11/Aug/2024:07:54:12 +0000] "POST /users/create-post/2 HTTP/1.1" 200 128
::1 - - [11/Aug/2024:08:00:15 +0000] "GET /users HTTP/1.1" 200 1039
::1 - - [11/Aug/2024:08:03:48 +0000] "GET /users HTTP/1.1" 200 1039
::1 - - [11/Aug/2024:08:12:16 +0000] "GET /users HTTP/1.1" 200 745
::1 - - [11/Aug/2024:08:49:02 +0000] "GET /categories HTTP/1.1" 200 230
::1 - - [11/Aug/2024:09:09:09 +0000] "GET /categories/1 HTTP/1.1" 200 14
::1 - - [11/Aug/2024:09:09:18 +0000] "GET /categories/2 HTTP/1.1" 200 117
::1 - - [11/Aug/2024:09:09:20 +0000] "GET /categories/3 HTTP/1.1" 200 115
::1 - - [11/Aug/2024:09:29:32 +0000] "GET /categories HTTP/1.1" 200 1204
::1 - - [11/Aug/2024:09:29:48 +0000] "GET /courses HTTP/1.1" 200 128
::1 - - [11/Aug/2024:09:29:50 +0000] "GET /categories HTTP/1.1" 200 1204
::1 - - [11/Aug/2024:09:29:50 +0000] "GET /favicon.ico HTTP/1.1" 404 71
::1 - - [11/Aug/2024:09:38:16 +0000] "GET /categories HTTP/1.1" 200 1204
::1 - - [11/Aug/2024:09:38:51 +0000] "GET /categories HTTP/1.1" 200 694
::1 - - [11/Aug/2024:09:39:13 +0000] "GET /categories HTTP/1.1" 200 364
::1 - - [11/Aug/2024:09:43:12 +0000] "GET /categories/1 HTTP/1.1" 200 14
::1 - - [11/Aug/2024:09:43:13 +0000] "GET /categories/2 HTTP/1.1" 200 604
::1 - - [11/Aug/2024:09:43:50 +0000] "GET /categories/2 HTTP/1.1" 200 607
::1 - - [11/Aug/2024:09:47:44 +0000] "GET /categories/posts/2 HTTP/1.1" 200 14
::1 - - [11/Aug/2024:09:48:10 +0000] "GET /categories/posts/2 HTTP/1.1" 200 82
::1 - - [11/Aug/2024:09:50:16 +0000] "GET /categories/posts/2 HTTP/1.1" 200 296
::1 - - [11/Aug/2024:09:50:40 +0000] "GET /categories/posts/2 HTTP/1.1" 200 209
::1 - - [11/Aug/2024:09:50:59 +0000] "GET /categories/posts/2 HTTP/1.1" 200 296
::1 - - [11/Aug/2024:09:51:30 +0000] "GET /categories/posts/2 HTTP/1.1" 200 209
::1 - - [11/Aug/2024:10:08:58 +0000] "POST /categories/posts/2 HTTP/1.1" 200 2
::1 - - [11/Aug/2024:10:09:38 +0000] "POST /categories/posts/2 HTTP/1.1" 200 10
::1 - - [11/Aug/2024:10:10:02 +0000] "POST /categories/posts/2 HTTP/1.1" 200 10
::1 - - [11/Aug/2024:10:34:21 +0000] "DELETE /categories/1 HTTP/1.1" 200 12
::1 - - [11/Aug/2024:10:34:38 +0000] "DELETE /categories/12 HTTP/1.1" 200 12
::1 - - [11/Aug/2024:10:35:10 +0000] "DELETE /categories/121 HTTP/1.1" 200 12
::1 - - [11/Aug/2024:10:35:12 +0000] "DELETE /categories/11 HTTP/1.1" 200 12
::1 - - [15/Aug/2024:08:20:33 +0000] "GET /api/v1/users HTTP/1.1" 200 2
::1 - - [15/Aug/2024:08:39:31 +0000] "GET /api/v1/users HTTP/1.1" 200 355
::1 - - [15/Aug/2024:08:40:57 +0000] "GET /api/v1/users HTTP/1.1" 200 395
::1 - - [15/Aug/2024:08:45:41 +0000] "GET / HTTP/1.1" 404 71
::1 - - [15/Aug/2024:08:49:34 +0000] "GET /api/v1/users HTTP/1.1" 200 384
::1 - - [15/Aug/2024:08:53:42 +0000] "GET /api/v1/users HTTP/1.1" 200 384
::1 - - [15/Aug/2024:08:53:48 +0000] "GET /api/v1/users HTTP/1.1" 200 384
::1 - - [15/Aug/2024:08:57:04 +0000] "GET /api/v1/users HTTP/1.1" 200 384
::1 - - [15/Aug/2024:08:57:15 +0000] "GET /api/v1/users?_order=aass HTTP/1.1" 200 384
::1 - - [15/Aug/2024:08:57:28 +0000] "GET /api/v1/users?_order=aass HTTP/1.1" 200 384
::1 - - [15/Aug/2024:08:57:38 +0000] "GET /api/v1/users?order=aass HTTP/1.1" 200 384
::1 - - [15/Aug/2024:08:57:59 +0000] "GET /api/v1/users?_sort=aass HTTP/1.1" 200 384
::1 - - [15/Aug/2024:08:58:13 +0000] "GET /api/v1/users?_sort=aass HTTP/1.1" 200 384
::1 - - [15/Aug/2024:08:58:46 +0000] "GET /api/v1/users?_sort=aass HTTP/1.1" 200 384
::1 - - [15/Aug/2024:08:59:19 +0000] "GET /api/v1/users?_sort=aass HTTP/1.1" 500 94
::1 - - [15/Aug/2024:09:01:31 +0000] "GET /api/v1/users?_sort HTTP/1.1" 500 115
::1 - - [15/Aug/2024:09:01:40 +0000] "GET /api/v1/users?_sort=1 HTTP/1.1" 500 91
::1 - - [15/Aug/2024:09:01:47 +0000] "GET /api/v1/users?_sort=id HTTP/1.1" 200 384
::1 - - [15/Aug/2024:09:05:40 +0000] "GET /api/v1/users?q=se HTTP/1.1" 200 384
::1 - - [15/Aug/2024:09:05:44 +0000] "GET /api/v1/users?q=seddd HTTP/1.1" 200 41
::1 - - [15/Aug/2024:09:11:18 +0000] "GET /api/v1/users HTTP/1.1" 200 384
::1 - - [15/Aug/2024:09:11:23 +0000] "GET /api/v1/users HTTP/1.1" 200 384
::1 - - [15/Aug/2024:09:11:30 +0000] "GET /api/v1/users?_page=2 HTTP/1.1" 200 212
::1 - - [15/Aug/2024:09:11:35 +0000] "GET /api/v1/users?_page=1 HTTP/1.1" 200 384
::1 - - [15/Aug/2024:09:11:39 +0000] "GET /api/v1/users?_page=2 HTTP/1.1" 200 212
::1 - - [15/Aug/2024:09:11:41 +0000] "GET /api/v1/users?_page=3 HTTP/1.1" 200 41
::1 - - [15/Aug/2024:09:11:43 +0000] "GET /api/v1/users?_page=2 HTTP/1.1" 200 212
::1 - - [15/Aug/2024:09:13:45 +0000] "GET /api/v1/users HTTP/1.1" 200 384
::1 - - [15/Aug/2024:09:16:48 +0000] "GET /api/v1/users HTTP/1.1" 200 403
::1 - - [15/Aug/2024:09:18:27 +0000] "GET /api/v1/users HTTP/1.1" 200 431
::1 - - [15/Aug/2024:09:18:36 +0000] "GET /api/v1/users?_page=2 HTTP/1.1" 200 261
::1 - - [15/Aug/2024:09:19:47 +0000] "GET /api/v1/users?_page=2 HTTP/1.1" 200 263
::1 - - [15/Aug/2024:09:19:51 +0000] "GET /api/v1/users?_page=1 HTTP/1.1" 200 435
::1 - - [15/Aug/2024:09:20:08 +0000] "GET /api/v1/users?_page=1&q=2 HTTP/1.1" 200 263
::1 - - [15/Aug/2024:09:20:59 +0000] "GET /api/v1/users?_page=1&q=2 HTTP/1.1" 200 261
::1 - - [15/Aug/2024:09:40:40 +0000] "GET /api/v1/users HTTP/1.1" 200 433
::1 - - [15/Aug/2024:09:43:01 +0000] "OPTIONS /api/v1/users HTTP/1.1" 200 8
::1 - - [15/Aug/2024:09:43:01 +0000] "OPTIONS /api/v1/users HTTP/1.1" 200 8
::1 - - [15/Aug/2024:09:55:15 +0000] "GET /api/v1/users HTTP/1.1" 200 433
::1 - - [15/Aug/2024:10:04:46 +0000] "GET /api/v1/users HTTP/1.1" 401 66
::1 - - [15/Aug/2024:10:07:23 +0000] "OPTIONS /api/v1/users HTTP/1.1" 200 8
::1 - - [15/Aug/2024:10:07:23 +0000] "OPTIONS /api/v1/users HTTP/1.1" 200 8
::1 - - [15/Aug/2024:10:07:48 +0000] "OPTIONS /api/v1/users HTTP/1.1" 200 8
::1 - - [15/Aug/2024:10:07:48 +0000] "OPTIONS /api/v1/users HTTP/1.1" 200 8
::1 - - [15/Aug/2024:10:08:02 +0000] "OPTIONS /api/v1/users HTTP/1.1" 200 8
::1 - - [15/Aug/2024:10:08:02 +0000] "OPTIONS /api/v1/users HTTP/1.1" 200 8
::1 - - [15/Aug/2024:10:08:04 +0000] "OPTIONS /api/v1/users HTTP/1.1" 200 8
::1 - - [15/Aug/2024:10:08:04 +0000] "OPTIONS /api/v1/users HTTP/1.1" 200 8
::1 - - [15/Aug/2024:10:08:05 +0000] "OPTIONS /api/v1/users HTTP/1.1" 200 8
::1 - - [15/Aug/2024:10:08:05 +0000] "OPTIONS /api/v1/users HTTP/1.1" 200 8
::1 - - [15/Aug/2024:10:08:15 +0000] "GET /api/v1/users HTTP/1.1" 401 66
::1 - - [15/Aug/2024:10:25:15 +0000] "OPTIONS /api/v1/users HTTP/1.1" 204 0
::1 - - [15/Aug/2024:10:25:15 +0000] "OPTIONS /api/v1/users HTTP/1.1" 204 0
::1 - - [15/Aug/2024:10:25:15 +0000] "GET /api/v1/users HTTP/1.1" 401 66
::1 - - [15/Aug/2024:10:25:15 +0000] "GET /api/v1/users HTTP/1.1" 401 66
::1 - - [15/Aug/2024:10:25:19 +0000] "GET /api/v1/users HTTP/1.1" 401 66
::1 - - [15/Aug/2024:10:25:19 +0000] "GET /api/v1/users HTTP/1.1" 401 66
::1 - - [15/Aug/2024:10:26:23 +0000] "OPTIONS /api/v1/users HTTP/1.1" 204 0
::1 - - [15/Aug/2024:10:26:23 +0000] "OPTIONS /api/v1/users HTTP/1.1" 204 0
::1 - - [15/Aug/2024:10:26:23 +0000] "GET /api/v1/users HTTP/1.1" 401 66
::1 - - [15/Aug/2024:10:26:23 +0000] "GET /api/v1/users HTTP/1.1" 401 66
::1 - - [15/Aug/2024:10:26:31 +0000] "OPTIONS /api/v1/users HTTP/1.1" 204 0
::1 - - [15/Aug/2024:10:26:31 +0000] "OPTIONS /api/v1/users HTTP/1.1" 204 0
::1 - - [15/Aug/2024:10:26:31 +0000] "GET /api/v1/users HTTP/1.1" 401 66
::1 - - [15/Aug/2024:10:26:31 +0000] "GET /api/v1/users HTTP/1.1" 401 66
::1 - - [15/Aug/2024:10:26:45 +0000] "GET /api/v1/users HTTP/1.1" 401 66
::1 - - [15/Aug/2024:10:27:02 +0000] "OPTIONS /api/v1/users HTTP/1.1" 204 0
::1 - - [15/Aug/2024:10:27:02 +0000] "OPTIONS /api/v1/users HTTP/1.1" 204 0
::1 - - [15/Aug/2024:10:27:02 +0000] "GET /api/v1/users HTTP/1.1" 401 66
::1 - - [15/Aug/2024:10:27:02 +0000] "GET /api/v1/users HTTP/1.1" 401 66
::1 - - [15/Aug/2024:10:27:04 +0000] "GET /api/v1/users HTTP/1.1" 401 66
::1 - - [15/Aug/2024:10:27:39 +0000] "GET /api/v1/users HTTP/1.1" 401 66
::1 - - [15/Aug/2024:10:27:43 +0000] "OPTIONS /api/v1/users HTTP/1.1" 204 0
::1 - - [15/Aug/2024:10:27:43 +0000] "OPTIONS /api/v1/users HTTP/1.1" 204 0
::1 - - [15/Aug/2024:10:27:43 +0000] "GET /api/v1/users HTTP/1.1" 401 66
::1 - - [15/Aug/2024:10:27:43 +0000] "GET /api/v1/users HTTP/1.1" 401 66
::1 - - [15/Aug/2024:10:28:00 +0000] "GET /api/v1/users HTTP/1.1" 401 66
::1 - - [15/Aug/2024:10:28:03 +0000] "OPTIONS /api/v1/users HTTP/1.1" 204 0
::1 - - [15/Aug/2024:10:28:03 +0000] "OPTIONS /api/v1/users HTTP/1.1" 204 0
::1 - - [15/Aug/2024:10:28:03 +0000] "GET /api/v1/users HTTP/1.1" 200 433
::1 - - [15/Aug/2024:10:28:03 +0000] "GET /api/v1/users HTTP/1.1" 304 -
::1 - - [15/Aug/2024:10:30:22 +0000] "OPTIONS /api/v1/users HTTP/1.1" 204 0
::1 - - [15/Aug/2024:10:30:22 +0000] "OPTIONS /api/v1/users HTTP/1.1" 204 0
::1 - - [15/Aug/2024:10:30:22 +0000] "GET /api/v1/users HTTP/1.1" 304 -
::1 - - [15/Aug/2024:10:30:22 +0000] "GET /api/v1/users HTTP/1.1" 304 -
::1 - - [15/Aug/2024:10:30:23 +0000] "GET /api/v1/users HTTP/1.1" 304 -
::1 - - [15/Aug/2024:10:30:23 +0000] "GET /api/v1/users HTTP/1.1" 304 -
::1 - - [15/Aug/2024:10:30:32 +0000] "OPTIONS /api/v1/users HTTP/1.1" 204 0
::1 - - [15/Aug/2024:10:30:32 +0000] "OPTIONS /api/v1/users HTTP/1.1" 204 0
::1 - - [15/Aug/2024:10:30:32 +0000] "GET /api/v1/users HTTP/1.1" 401 66
::1 - - [15/Aug/2024:10:30:32 +0000] "GET /api/v1/users HTTP/1.1" 401 66
::1 - - [15/Aug/2024:10:30:39 +0000] "OPTIONS /api/v1/users HTTP/1.1" 204 0
::1 - - [15/Aug/2024:10:30:39 +0000] "OPTIONS /api/v1/users HTTP/1.1" 204 0
::1 - - [15/Aug/2024:10:30:39 +0000] "GET /api/v1/users HTTP/1.1" 304 -
::1 - - [15/Aug/2024:10:30:39 +0000] "GET /api/v1/users HTTP/1.1" 304 -
::1 - - [15/Aug/2024:10:34:02 +0000] "GET /api/v1/users?z-api-key=f8-training HTTP/1.1" 401 66
::1 - - [15/Aug/2024:10:34:10 +0000] "GET /api/v1/users?x-api-key=f8-training HTTP/1.1" 401 66
::1 - - [15/Aug/2024:10:35:06 +0000] "GET /api/v1/users?x-api-key=f8-training HTTP/1.1" 200 433
::1 - - [15/Aug/2024:10:42:50 +0000] "GET /api/v1/users?x-api-key=f8-training HTTP/1.1" 200 433
::1 - - [15/Aug/2024:10:42:59 +0000] "GET /api/v1/users HTTP/1.1" 200 433
::1 - - [15/Aug/2024:10:48:26 +0000] "GET /api/v1/users HTTP/1.1" 200 433
::1 - - [15/Aug/2024:10:48:29 +0000] "POST /api/v1/users HTTP/1.1" 404 71
::1 - - [15/Aug/2024:10:54:10 +0000] "POST /api/v1/users HTTP/1.1" 404 71
::1 - - [15/Aug/2024:10:59:03 +0000] "POST /api/v1/users HTTP/1.1" 404 71
::1 - - [15/Aug/2024:10:59:26 +0000] "POST /api/v1/users HTTP/1.1" 200 83
::1 - - [15/Aug/2024:10:59:42 +0000] "POST /api/v1/users HTTP/1.1" 400 496
::1 - - [15/Aug/2024:11:00:08 +0000] "POST /api/v1/users HTTP/1.1" 500 1722
::1 - - [15/Aug/2024:11:00:12 +0000] "POST /api/v1/users HTTP/1.1" 400 512
::1 - - [15/Aug/2024:11:00:29 +0000] "POST /api/v1/users HTTP/1.1" 200 83
::1 - - [15/Aug/2024:11:02:48 +0000] "POST /api/v1/users HTTP/1.1" 200 83
::1 - - [15/Aug/2024:11:02:52 +0000] "POST /api/v1/users HTTP/1.1" 400 1099
::1 - - [15/Aug/2024:11:12:42 +0000] "POST /api/v1/users HTTP/1.1" 400 120
::1 - - [15/Aug/2024:11:13:06 +0000] "POST /api/v1/users HTTP/1.1" 400 83
::1 - - [15/Aug/2024:11:13:10 +0000] "POST /api/v1/users HTTP/1.1" 200 87
::1 - - [15/Aug/2024:11:17:24 +0000] "POST /api/v1/users HTTP/1.1" 200 87
::1 - - [15/Aug/2024:11:17:37 +0000] "POST /api/v1/users HTTP/1.1" 200 86
::1 - - [15/Aug/2024:11:17:41 +0000] "POST /api/v1/users HTTP/1.1" 400 77
::1 - - [15/Aug/2024:11:31:55 +0000] "POST /api/v1/users HTTP/1.1" 201 229
::1 - - [15/Aug/2024:11:32:10 +0000] "GET /api/v1/users HTTP/1.1" 200 609
::1 - - [15/Aug/2024:11:33:57 +0000] "GET /api/v1/users HTTP/1.1" 200 609
::1 - - [15/Aug/2024:11:34:03 +0000] "POST /api/v1/users HTTP/1.1" 400 77
::1 - - [15/Aug/2024:11:34:07 +0000] "POST /api/v1/users HTTP/1.1" 201 232
::1 - - [15/Aug/2024:11:34:10 +0000] "GET /api/v1/users HTTP/1.1" 200 788
::1 - - [15/Aug/2024:12:59:32 +0000] "GET /api/v1/users HTTP/1.1" 200 710
::1 - - [15/Aug/2024:12:59:44 +0000] "GET /api/v1/users HTTP/1.1" 200 710
::1 - - [15/Aug/2024:13:00:17 +0000] "GET /api/v1/users HTTP/1.1" 200 710
::1 - - [15/Aug/2024:13:01:06 +0000] "GET /api/v1/users HTTP/1.1" 200 710
::1 - - [15/Aug/2024:13:06:22 +0000] "GET /api/v1/users HTTP/1.1" 200 710
::1 - - [15/Aug/2024:13:07:43 +0000] "GET /api/v1/users HTTP/1.1" 200 751
::1 - - [15/Aug/2024:13:08:37 +0000] "GET /api/v1/users HTTP/1.1" 200 749
::1 - - [15/Aug/2024:13:08:57 +0000] "GET /api/v1/users HTTP/1.1" 200 749
::1 - - [15/Aug/2024:13:09:01 +0000] "GET /api/v1/users HTTP/1.1" 200 749
::1 - - [15/Aug/2024:13:09:15 +0000] "GET /api/v1/users HTTP/1.1" 200 751
::1 - - [15/Aug/2024:13:11:03 +0000] "GET /api/v1/users?_sort=1&_order=abc HTTP/1.1" 200 749
::1 - - [15/Aug/2024:13:19:25 +0000] "GET /api/v1/users HTTP/1.1" 200 749
::1 - - [15/Aug/2024:13:20:53 +0000] "GET /api/v1/users?_sort=111111 HTTP/1.1" 500 96
::1 - - [15/Aug/2024:13:21:00 +0000] "GET /api/v1/users?_sort=1 HTTP/1.1" 500 91
::1 - - [15/Aug/2024:13:21:06 +0000] "GET /api/v1/users?_sort=id HTTP/1.1" 200 749
::1 - - [15/Aug/2024:13:24:19 +0000] "GET /api/v1/users?_sort=id&_order=asc HTTP/1.1" 200 749
::1 - - [15/Aug/2024:13:27:48 +0000] "GET /api/v1/users?_sort=id&_order=asc&keyword=duo HTTP/1.1" 500 94
::1 - - [15/Aug/2024:13:28:01 +0000] "GET /api/v1/users?_sort=id&_order=asc&keyword=duo HTTP/1.1" 200 405
::1 - - [15/Aug/2024:13:29:12 +0000] "GET /api/v1/users?_sort=id&_order=asc&keyword=duo HTTP/1.1" 200 51
::1 - - [15/Aug/2024:13:29:47 +0000] "GET /api/v1/users?_sort=id&_order=asc&keyword=duo HTTP/1.1" 200 51
::1 - - [15/Aug/2024:13:29:52 +0000] "GET /api/v1/users?_sort=id&_order=asc&keyword=user HTTP/1.1" 200 51
::1 - - [15/Aug/2024:13:30:16 +0000] "GET /api/v1/users?_sort=id&_order=asc&keyword=user HTTP/1.1" 200 749
::1 - - [15/Aug/2024:13:30:26 +0000] "GET /api/v1/users?_sort=id&_order=asc&keyword=du HTTP/1.1" 200 405
::1 - - [15/Aug/2024:13:30:32 +0000] "GET /api/v1/users?_sort=id&_order=asc&keyword=sss HTTP/1.1" 200 229
::1 - - [15/Aug/2024:13:30:59 +0000] "GET /api/v1/users HTTP/1.1" 200 749
::1 - - [15/Aug/2024:13:33:34 +0000] "GET /api/v1/users?_limit=1 HTTP/1.1" 200 229
::1 - - [15/Aug/2024:13:33:47 +0000] "GET /api/v1/users?_limit=2 HTTP/1.1" 200 405
::1 - - [15/Aug/2024:13:33:51 +0000] "GET /api/v1/users?_limit=3 HTTP/1.1" 200 577
::1 - - [15/Aug/2024:13:33:57 +0000] "GET /api/v1/users?_limit=4 HTTP/1.1" 200 749
::1 - - [15/Aug/2024:13:34:14 +0000] "GET /api/v1/users?_limit=4 HTTP/1.1" 200 749
::1 - - [15/Aug/2024:13:34:17 +0000] "GET /api/v1/users?_limit=2 HTTP/1.1" 200 394
::1 - - [15/Aug/2024:13:34:33 +0000] "GET /api/v1/users?_limit=2 HTTP/1.1" 500 92
::1 - - [15/Aug/2024:13:34:56 +0000] "GET /api/v1/users?_limit=2 HTTP/1.1" 500 92
::1 - - [15/Aug/2024:13:37:19 +0000] "GET /api/v1/users?_limit=2 HTTP/1.1" 500 92
::1 - - [15/Aug/2024:13:37:26 +0000] "GET /api/v1/users HTTP/1.1" 500 92
::1 - - [15/Aug/2024:13:37:29 +0000] "GET /api/v1/users HTTP/1.1" 500 92
::1 - - [15/Aug/2024:13:38:07 +0000] "GET /api/v1/users HTTP/1.1" 500 92
::1 - - [15/Aug/2024:13:38:41 +0000] "GET /api/v1/users HTTP/1.1" 500 84
::1 - - [15/Aug/2024:13:38:52 +0000] "GET /api/v1/users HTTP/1.1" 500 84
::1 - - [15/Aug/2024:13:38:57 +0000] "GET /api/v1/users HTTP/1.1" 500 86
::1 - - [15/Aug/2024:13:39:26 +0000] "GET /api/v1/users HTTP/1.1" 500 86
::1 - - [15/Aug/2024:13:39:50 +0000] "GET /api/v1/users HTTP/1.1" 500 86
::1 - - [15/Aug/2024:13:40:08 +0000] "GET /api/v1/users?_sort=id HTTP/1.1" 500 86
::1 - - [15/Aug/2024:13:40:50 +0000] "GET /api/v1/users?_sort=id HTTP/1.1" 200 51
::1 - - [15/Aug/2024:13:41:13 +0000] "GET /api/v1/users?_sort=id HTTP/1.1" 200 51
::1 - - [15/Aug/2024:13:41:49 +0000] "GET /api/v1/users HTTP/1.1" 200 51
::1 - - [15/Aug/2024:13:42:40 +0000] "GET /api/v1/users HTTP/1.1" 200 51
::1 - - [15/Aug/2024:13:43:44 +0000] "GET /api/v1/users HTTP/1.1" 200 51
::1 - - [15/Aug/2024:13:43:50 +0000] "POST /api/v1/users HTTP/1.1" 404 71
::1 - - [15/Aug/2024:13:43:54 +0000] "GET /api/v1/users HTTP/1.1" 200 51
::1 - - [15/Aug/2024:13:45:07 +0000] "GET /api/v1/users HTTP/1.1" 200 749
::1 - - [15/Aug/2024:13:46:18 +0000] "GET /api/v1/users HTTP/1.1" 200 749
::1 - - [15/Aug/2024:13:46:26 +0000] "GET /api/v1/users HTTP/1.1" 200 749
::1 - - [15/Aug/2024:13:46:49 +0000] "GET /api/v1/users?_order=asc HTTP/1.1" 200 749
::1 - - [15/Aug/2024:13:49:07 +0000] "GET /api/v1/users?_order=asc&keyword=duo HTTP/1.1" 200 51
::1 - - [15/Aug/2024:13:49:21 +0000] "GET /api/v1/users?_order=asc&keyword=duo HTTP/1.1" 200 405
::1 - - [15/Aug/2024:13:49:27 +0000] "GET /api/v1/users?_order=asc&keyword=user HTTP/1.1" 200 749
::1 - - [15/Aug/2024:13:50:24 +0000] "GET /api/v1/users?_order=asc&keyword=user&_limit=2 HTTP/1.1" 200 394
::1 - - [15/Aug/2024:13:50:48 +0000] "GET /api/v1/users?_order=asc&keyword=user&_limit=2&_page=1 HTTP/1.1" 200 394
::1 - - [15/Aug/2024:13:51:01 +0000] "GET /api/v1/users?_order=asc&keyword=user&_limit=2&_page=2 HTTP/1.1" 200 405
::1 - - [15/Aug/2024:13:51:41 +0000] "GET /api/v1/users?_order=asc&keyword=user&_limit=3&_page=2 HTTP/1.1" 200 229
::1 - - [15/Aug/2024:13:51:50 +0000] "GET /api/v1/users?_order=asc&keyword=user&_limit=3&_page=21 HTTP/1.1" 200 51
::1 - - [15/Aug/2024:13:51:53 +0000] "GET /api/v1/users?_order=asc&keyword=user&_limit=3&_page=1 HTTP/1.1" 200 570
::1 - - [15/Aug/2024:13:52:00 +0000] "GET /api/v1/users?_order=asc&keyword=user&_limit=3&_page=2 HTTP/1.1" 200 229
::1 - - [15/Aug/2024:13:53:49 +0000] "GET /api/v1/users?_order=asc&keyword=user&_limit=2&_page=3 HTTP/1.1" 200 51
::1 - - [15/Aug/2024:13:55:25 +0000] "GET /api/v1/users?_order=asc&keyword=user&_limit=2&_page=3 HTTP/1.1" 200 80
::1 - - [15/Aug/2024:13:55:33 +0000] "GET /api/v1/users?_order=asc&keyword=user&_limit=2&_page=1 HTTP/1.1" 200 80
::1 - - [15/Aug/2024:13:56:25 +0000] "GET /api/v1/users?_order=asc&keyword=user&_limit=1&_page=1 HTTP/1.1" 200 80
::1 - - [15/Aug/2024:13:56:37 +0000] "GET /api/v1/users?_limit=1&_page=1 HTTP/1.1" 200 80
::1 - - [15/Aug/2024:13:56:58 +0000] "GET /api/v1/users?_limit=1&_page=1 HTTP/1.1" 200 80
::1 - - [15/Aug/2024:13:59:13 +0000] "GET /api/v1/users?_limit=1&_page=1 HTTP/1.1" 200 90
::1 - - [15/Aug/2024:14:00:08 +0000] "GET /api/v1/users?_limit=2&_page=1 HTTP/1.1" 200 90
::1 - - [15/Aug/2024:14:00:29 +0000] "GET /api/v1/users HTTP/1.1" 200 90
::1 - - [15/Aug/2024:14:00:56 +0000] "GET /api/v1/users HTTP/1.1" 200 433
::1 - - [16/Aug/2024:02:01:45 +0000] "GET /api/v1/users HTTP/1.1" 500 75
::1 - - [16/Aug/2024:02:02:33 +0000] "GET /api/v1/users HTTP/1.1" 500 75
::1 - - [16/Aug/2024:02:03:08 +0000] "GET /api/v1/users HTTP/1.1" 500 75
::1 - - [16/Aug/2024:02:03:25 +0000] "GET /api/v1/users HTTP/1.1" 500 75
::1 - - [16/Aug/2024:02:03:38 +0000] "GET /api/v1/users HTTP/1.1" 500 75
::1 - - [16/Aug/2024:02:03:42 +0000] "GET /api/v1/users HTTP/1.1" 500 75
::1 - - [16/Aug/2024:02:03:57 +0000] "GET /api/v1/users HTTP/1.1" 200 433
::1 - - [16/Aug/2024:02:04:08 +0000] "GET /api/v1/users HTTP/1.1" 200 433
::1 - - [16/Aug/2024:02:04:41 +0000] "GET /api/v1/users HTTP/1.1" 500 75
::1 - - [16/Aug/2024:02:06:18 +0000] "GET /api/v1/users HTTP/1.1" 200 433
::1 - - [16/Aug/2024:02:06:23 +0000] "GET /api/v1/users HTTP/1.1" 500 75
::1 - - [16/Aug/2024:02:07:12 +0000] "GET /api/v1/users HTTP/1.1" 500 75
::1 - - [16/Aug/2024:02:07:18 +0000] "GET /api/v1/users HTTP/1.1" 500 75
::1 - - [16/Aug/2024:02:08:01 +0000] "GET /api/v1/users HTTP/1.1" 500 75
::1 - - [16/Aug/2024:02:08:27 +0000] "GET /api/v1/users HTTP/1.1" 401 66
::1 - - [16/Aug/2024:02:09:03 +0000] "GET /api/v1/users HTTP/1.1" 401 66
::1 - - [16/Aug/2024:02:09:13 +0000] "GET /api/v1/users HTTP/1.1" 200 433
::1 - - [16/Aug/2024:02:09:16 +0000] "GET /api/v1/users HTTP/1.1" 401 66
::1 - - [16/Aug/2024:02:12:07 +0000] "GET /api/v1/users HTTP/1.1" 401 66
::1 - - [16/Aug/2024:02:12:12 +0000] "GET /api/v1/users HTTP/1.1" 200 433
::1 - - [16/Aug/2024:02:12:17 +0000] "POST /api/v1/users HTTP/1.1" 200 2
::1 - - [16/Aug/2024:02:16:17 +0000] "POST /api/v1/users HTTP/1.1" 200 90
::1 - - [16/Aug/2024:02:29:22 +0000] "POST /api/v1/users HTTP/1.1" 200 90
::1 - - [16/Aug/2024:02:29:29 +0000] "POST /api/v1/users HTTP/1.1" 200 89
::1 - - [16/Aug/2024:02:30:40 +0000] "POST /api/v1/users HTTP/1.1" 200 2
::1 - - [16/Aug/2024:02:34:19 +0000] "POST /api/v1/users HTTP/1.1" 200 2
::1 - - [16/Aug/2024:02:34:30 +0000] "POST /api/v1/users HTTP/1.1" 200 2
::1 - - [16/Aug/2024:02:35:25 +0000] "POST /api/v1/users HTTP/1.1" 200 -
::1 - - [16/Aug/2024:02:39:06 +0000] "POST /api/v1/users HTTP/1.1" 200 2
::1 - - [16/Aug/2024:02:39:26 +0000] "POST /api/v1/users HTTP/1.1" 200 89
::1 - - [16/Aug/2024:02:40:20 +0000] "POST /api/v1/users HTTP/1.1" 200 80
::1 - - [16/Aug/2024:02:40:34 +0000] "POST /api/v1/users HTTP/1.1" 200 -
::1 - - [16/Aug/2024:02:41:12 +0000] "POST /api/v1/users HTTP/1.1" 200 -
::1 - - [16/Aug/2024:03:46:42 +0000] "POST /api/v1/users HTTP/1.1" 200 -
::1 - - [16/Aug/2024:03:46:57 +0000] "POST /api/v1/users HTTP/1.1" 200 -
::1 - - [16/Aug/2024:03:47:49 +0000] "POST /api/v1/users HTTP/1.1" 200 -
::1 - - [16/Aug/2024:03:48:37 +0000] "POST /api/v1/users HTTP/1.1" - -
::1 - - [16/Aug/2024:07:54:40 +0000] "GET /api/v1/users HTTP/1.1" 200 433
::1 - - [16/Aug/2024:08:00:26 +0000] "GET /api/v1/users HTTP/1.1" 200 433
::1 - - [16/Aug/2024:08:00:39 +0000] "POST /api/v1/users HTTP/1.1" 400 708
::1 - - [16/Aug/2024:08:03:41 +0000] "POST /api/v1/users HTTP/1.1" 400 97
::1 - - [16/Aug/2024:08:05:42 +0000] "POST /api/v1/users HTTP/1.1" 500 86
::1 - - [16/Aug/2024:08:05:52 +0000] "POST /api/v1/users HTTP/1.1" 500 86
::1 - - [16/Aug/2024:08:06:31 +0000] "POST /api/v1/users HTTP/1.1" 200 82
::1 - - [16/Aug/2024:08:06:41 +0000] "GET /api/v1/users HTTP/1.1" 200 433
::1 - - [16/Aug/2024:08:06:54 +0000] "GET /api/v1/users?_limit=4 HTTP/1.1" 200 788
::1 - - [16/Aug/2024:08:07:10 +0000] "POST /api/v1/users HTTP/1.1" 200 82
::1 - - [16/Aug/2024:08:07:20 +0000] "POST /api/v1/users HTTP/1.1" 200 78
::1 - - [16/Aug/2024:08:07:27 +0000] "GET /api/v1/users HTTP/1.1" 200 433
::1 - - [16/Aug/2024:08:07:40 +0000] "POST /api/v1/users HTTP/1.1" 400 97
::1 - - [16/Aug/2024:08:07:47 +0000] "POST /api/v1/users HTTP/1.1" 400 145
::1 - - [16/Aug/2024:08:09:26 +0000] "POST /api/v1/users HTTP/1.1" 400 145
::1 - - [16/Aug/2024:08:09:32 +0000] "POST /api/v1/users HTTP/1.1" 201 227
::1 - - [16/Aug/2024:08:09:38 +0000] "GET /api/v1/users HTTP/1.1" 200 433
::1 - - [16/Aug/2024:08:09:47 +0000] "GET /api/v1/users?_limit=5 HTTP/1.1" 200 962
::1 - - [16/Aug/2024:12:33:07 +0000] "GET /api/v1/users?_limit=5 HTTP/1.1" 500 106
::1 - - [16/Aug/2024:12:33:25 +0000] "GET /api/v1/users?_limit=5 HTTP/1.1" 200 962
::1 - - [16/Aug/2024:12:52:31 +0000] "GET /courses HTTP/1.1" 200 128
::1 - - [16/Aug/2024:12:52:31 +0000] "GET /favicon.ico HTTP/1.1" 404 71
::1 - - [16/Aug/2024:13:24:12 +0000] "GET /api/v1/users HTTP/1.1" 200 433
::1 - - [16/Aug/2024:13:25:42 +0000] "GET /api/v1/users HTTP/1.1" 200 2
::1 - - [16/Aug/2024:13:25:45 +0000] "POST /api/v1/users HTTP/1.1" 200 2
::1 - - [16/Aug/2024:13:25:47 +0000] "GET /api/v1/users HTTP/1.1" 200 2
::1 - - [16/Aug/2024:13:27:59 +0000] "GET /api/v1/users HTTP/1.1" 200 923
::1 - - [16/Aug/2024:13:33:22 +0000] "GET /api/v1/user HTTP/1.1" 404 71
::1 - - [16/Aug/2024:13:33:27 +0000] "GET /api/v1/users HTTP/1.1" 200 923
::1 - - [16/Aug/2024:13:33:59 +0000] "GET /api/v1/users HTTP/1.1" 200 923
::1 - - [16/Aug/2024:13:35:46 +0000] "GET /api/v1/users HTTP/1.1" 200 923
::1 - - [16/Aug/2024:13:35:58 +0000] "GET /api/v1/users?_sort=fullname HTTP/1.1" 200 923
::1 - - [16/Aug/2024:13:36:05 +0000] "GET /api/v1/users?_sort=password HTTP/1.1" 200 923
::1 - - [16/Aug/2024:13:36:27 +0000] "GET /api/v1/users?_sort=id&_order=asc HTTP/1.1" 200 923
::1 - - [16/Aug/2024:13:38:11 +0000] "GET /api/v1/users?_sort=id&_order=asc HTTP/1.1" 200 923
::1 - - [16/Aug/2024:13:38:19 +0000] "GET /api/v1/users?q=duo HTTP/1.1" 200 923
::1 - - [16/Aug/2024:13:38:31 +0000] "GET /api/v1/users?q=duo HTTP/1.1" 200 579
::1 - - [16/Aug/2024:13:38:40 +0000] "GET /api/v1/users?q=user HTTP/1.1" 200 394
::1 - - [16/Aug/2024:13:50:40 +0000] "GET /api/v1/users?q=user&_limit=2 HTTP/1.1" 200 394
::1 - - [16/Aug/2024:13:50:53 +0000] "GET /api/v1/users?_limit=2 HTTP/1.1" 200 403
::1 - - [16/Aug/2024:13:50:58 +0000] "GET /api/v1/users?_limit=3 HTTP/1.1" 200 579
::1 - - [16/Aug/2024:13:51:12 +0000] "GET /api/v1/users HTTP/1.1" 200 923
::1 - - [16/Aug/2024:13:51:26 +0000] "GET /api/v1/users?_limit=2 HTTP/1.1" 200 403
::1 - - [16/Aug/2024:13:52:23 +0000] "GET /api/v1/users?_page=2 HTTP/1.1" 500 92
::1 - - [16/Aug/2024:13:52:43 +0000] "GET /api/v1/users?_limit=2&_page=2 HTTP/1.1" 200 398
::1 - - [16/Aug/2024:13:52:48 +0000] "GET /api/v1/users?_limit=2&_page=1 HTTP/1.1" 200 403
::1 - - [16/Aug/2024:13:55:39 +0000] "GET /api/v1/users HTTP/1.1" 500 92
::1 - - [16/Aug/2024:13:55:50 +0000] "GET /api/v1/users HTTP/1.1" 500 92
::1 - - [16/Aug/2024:13:56:26 +0000] "GET /api/v1/users HTTP/1.1" 500 92
::1 - - [16/Aug/2024:13:56:45 +0000] "GET /api/v1/users HTTP/1.1" 200 80
::1 - - [16/Aug/2024:13:57:27 +0000] "GET /api/v1/users HTTP/1.1" 500 101
::1 - - [16/Aug/2024:13:57:43 +0000] "GET /api/v1/users HTTP/1.1" 200 442
::1 - - [16/Aug/2024:14:04:24 +0000] "GET /api/v1/users HTTP/1.1" 401 66
::1 - - [16/Aug/2024:14:04:50 +0000] "GET /api/v1/users HTTP/1.1" 200 442
::1 - - [16/Aug/2024:14:06:55 +0000] "GET /api/v1/users HTTP/1.1" 200 442
::1 - - [16/Aug/2024:14:06:58 +0000] "POST /api/v1/users HTTP/1.1" 200 86
::1 - - [16/Aug/2024:14:07:07 +0000] "POST /api/v1/users HTTP/1.1" 400 703
::1 - - [16/Aug/2024:14:07:41 +0000] "POST /api/v1/users HTTP/1.1" 400 89
::1 - - [16/Aug/2024:14:07:47 +0000] "POST /api/v1/users HTTP/1.1" 400 120
::1 - - [16/Aug/2024:14:07:57 +0000] "POST /api/v1/users HTTP/1.1" 200 87
::1 - - [16/Aug/2024:14:08:20 +0000] "POST /api/v1/users HTTP/1.1" 400 83
::1 - - [16/Aug/2024:14:09:38 +0000] "POST /api/v1/users HTTP/1.1" 400 83
::1 - - [16/Aug/2024:14:09:45 +0000] "POST /api/v1/users HTTP/1.1" 200 86
::1 - - [16/Aug/2024:14:10:13 +0000] "POST /api/v1/users HTTP/1.1" 400 77
::1 - - [16/Aug/2024:14:10:18 +0000] "POST /api/v1/users HTTP/1.1" 200 89
::1 - - [16/Aug/2024:14:10:47 +0000] "POST /api/v1/users HTTP/1.1" 201 230
::1 - - [16/Aug/2024:14:10:52 +0000] "GET /api/v1/users HTTP/1.1" 200 440
::1 - - [16/Aug/2024:14:10:59 +0000] "POST /api/v1/users HTTP/1.1" 201 232
::1 - - [16/Aug/2024:14:11:01 +0000] "GET /api/v1/users HTTP/1.1" 200 445
::1 - - [16/Aug/2024:14:12:11 +0000] "GET /api/v1/users HTTP/1.1" 200 445
::1 - - [16/Aug/2024:14:12:18 +0000] "POST /api/v1/users HTTP/1.1" 400 77
::1 - - [16/Aug/2024:14:13:53 +0000] "PUT /api/v1/users HTTP/1.1" - -
::1 - - [16/Aug/2024:14:13:58 +0000] "PATCH /api/v1/users HTTP/1.1" - -
::1 - - [16/Aug/2024:14:14:16 +0000] "PATCH /api/v1/users HTTP/1.1" 200 2
::1 - - [16/Aug/2024:14:14:21 +0000] "PATCH /api/v1/users HTTP/1.1" 200 -
::1 - - [16/Aug/2024:14:14:26 +0000] "PATCH /api/v1/users HTTP/1.1" 200 2
::1 - - [16/Aug/2024:14:14:41 +0000] "PATCH /api/v1/users HTTP/1.1" 200 16
::1 - - [16/Aug/2024:14:22:48 +0000] "PUT /api/v1/users HTTP/1.1" 200 -
::1 - - [16/Aug/2024:14:23:06 +0000] "PUT /api/v1/users/2 HTTP/1.1" 404 71
::1 - - [16/Aug/2024:14:23:17 +0000] "PUT /api/v1/users/2 HTTP/1.1" 404 71
::1 - - [16/Aug/2024:14:23:46 +0000] "PUT /api/v1/users/2 HTTP/1.1" 404 71
::1 - - [16/Aug/2024:14:24:14 +0000] "PUT /api/v1/users HTTP/1.1" 200 2
::1 - - [16/Aug/2024:14:24:34 +0000] "GET /api/v1/users HTTP/1.1" 200 445
::1 - - [16/Aug/2024:14:24:44 +0000] "PUT /api/v1/users/17 HTTP/1.1" 404 71
::1 - - [16/Aug/2024:14:51:56 +0000] "PUT /api/v1/users/17 HTTP/1.1" 200 16
::1 - - [16/Aug/2024:14:52:03 +0000] "PUT /api/v1/users/17 HTTP/1.1" 200 11
::1 - - [16/Aug/2024:14:52:19 +0000] "PUT /api/v1/users/17 HTTP/1.1" 200 69
::1 - - [16/Aug/2024:14:52:30 +0000] "GET /api/v1/users HTTP/1.1" 200 445
::1 - - [16/Aug/2024:14:52:43 +0000] "PUT /api/v1/users/17 HTTP/1.1" 200 69
::1 - - [16/Aug/2024:14:55:52 +0000] "PUT /api/v1/users/17 HTTP/1.1" 200 12
::1 - - [16/Aug/2024:14:56:16 +0000] "GET /api/v1/users HTTP/1.1" 401 66
::1 - - [16/Aug/2024:14:56:32 +0000] "GET /api/v1/users HTTP/1.1" 401 66
::1 - - [16/Aug/2024:14:56:40 +0000] "GET /api/v1/users/17 HTTP/1.1" 404 71
::1 - - [16/Aug/2024:14:56:44 +0000] "GET /api/v1/users HTTP/1.1" 401 66
::1 - - [16/Aug/2024:14:56:57 +0000] "GET /api/v1/users HTTP/1.1" 200 422
::1 - - [16/Aug/2024:14:57:23 +0000] "PUT /api/v1/users/18 HTTP/1.1" 200 14
::1 - - [16/Aug/2024:14:57:32 +0000] "GET /api/v1/users HTTP/1.1" 200 398
::1 - - [16/Aug/2024:14:58:01 +0000] "PUT /api/v1/users/18?email=hoaitrang@gmail.com HTTP/1.1" 200 14
::1 - - [16/Aug/2024:14:58:07 +0000] "GET /api/v1/users HTTP/1.1" 200 393
::1 - - [16/Aug/2024:14:58:35 +0000] "PUT /api/v1/users/18?email=hoaitrang@gmail.com HTTP/1.1" 200 14
::1 - - [16/Aug/2024:14:58:38 +0000] "GET /api/v1/users HTTP/1.1" 200 410
::1 - - [16/Aug/2024:15:03:13 +0000] "GET /api/v1/users HTTP/1.1" 200 410
::1 - - [16/Aug/2024:15:03:32 +0000] "PUT /api/v1/users/18?email=hoaitrang@gmail.com HTTP/1.1" 200 14
::1 - - [16/Aug/2024:15:03:35 +0000] "GET /api/v1/users HTTP/1.1" 200 418
::1 - - [16/Aug/2024:15:03:43 +0000] "PUT /api/v1/users/18?email=hoaitrang@gmail.com HTTP/1.1" 200 14
::1 - - [16/Aug/2024:15:03:45 +0000] "GET /api/v1/users HTTP/1.1" 200 419
::1 - - [16/Aug/2024:15:05:25 +0000] "PUT /api/v1/users/18?email=hoaitrang@gmail.com HTTP/1.1" 200 14
::1 - - [16/Aug/2024:15:05:28 +0000] "GET /api/v1/users HTTP/1.1" 200 419
::1 - - [16/Aug/2024:15:08:14 +0000] "PUT /api/v1/users/18?email=hoaitrang@gmail.com HTTP/1.1" 400 686
::1 - - [16/Aug/2024:15:08:44 +0000] "PUT /api/v1/users/18?email=hoaitrang@gmail.com HTTP/1.1" 400 97
::1 - - [16/Aug/2024:15:08:57 +0000] "PUT /api/v1/users/18?email=hoaitrang@gmail.com HTTP/1.1" 400 97
::1 - - [16/Aug/2024:15:09:29 +0000] "PUT /api/v1/users/18?email=hoaitrang@gmail.com HTTP/1.1" 400 142
::1 - - [16/Aug/2024:15:14:02 +0000] "PUT /api/v1/users/18?email=hoaitrang@gmail.com HTTP/1.1" 200 52
::1 - - [16/Aug/2024:15:14:38 +0000] "PUT /api/v1/users/18?email=hoaitrang@gmail.com HTTP/1.1" 200 52
::1 - - [16/Aug/2024:15:14:48 +0000] "GET /api/v1/users HTTP/1.1" 200 417
::1 - - [16/Aug/2024:15:16:59 +0000] "PUT /api/v1/users/18 HTTP/1.1" 400 133
::1 - - [16/Aug/2024:15:17:08 +0000] "PUT /api/v1/users/18 HTTP/1.1" 200 52
::1 - - [16/Aug/2024:15:17:13 +0000] "GET /api/v1/users HTTP/1.1" 200 421
::1 - - [16/Aug/2024:15:18:10 +0000] "GET /api/v1/users HTTP/1.1" 200 421
::1 - - [16/Aug/2024:15:20:56 +0000] "GET /api/v1/users HTTP/1.1" 200 421
::1 - - [16/Aug/2024:15:21:06 +0000] "GET /api/v1/users HTTP/1.1" 200 421
::1 - - [16/Aug/2024:15:21:46 +0000] "GET /api/v1/users HTTP/1.1" 200 421
::1 - - [16/Aug/2024:15:23:03 +0000] "GET /api/v1/users HTTP/1.1" 200 421
::1 - - [16/Aug/2024:15:23:41 +0000] "GET /api/v1/users?_limit=4 HTTP/1.1" 200 774
::1 - - [16/Aug/2024:15:23:53 +0000] "GET /api/v1/users?_limit=7 HTTP/1.1" 200 1294
::1 - - [16/Aug/2024:15:24:04 +0000] "PUT /api/v1/users/18 HTTP/1.1" 200 52
::1 - - [16/Aug/2024:15:24:34 +0000] "PUT /api/v1/users/18 HTTP/1.1" 200 52
::1 - - [16/Aug/2024:15:24:37 +0000] "GET /api/v1/users?_limit=7 HTTP/1.1" 200 1297
::1 - - [16/Aug/2024:15:25:16 +0000] "GET /api/v1/users?_limit=7 HTTP/1.1" 200 1395
::1 - - [16/Aug/2024:15:25:21 +0000] "PUT /api/v1/users/18 HTTP/1.1" 200 52
::1 - - [16/Aug/2024:15:25:23 +0000] "GET /api/v1/users?_limit=7 HTTP/1.1" 200 1395
::1 - - [16/Aug/2024:15:26:57 +0000] "PUT /api/v1/users/18/// HTTP/1.1" 404 71
::1 - - [16/Aug/2024:15:27:03 +0000] "PUT /api/v1/users/18 HTTP/1.1" 200 52
::1 - - [16/Aug/2024:15:27:32 +0000] "PUT /api/v1/users/18dwcc HTTP/1.1" 500 112
::1 - - [16/Aug/2024:15:27:50 +0000] "PUT /api/v1/users/18 HTTP/1.1" 200 52
::1 - - [16/Aug/2024:15:27:53 +0000] "PUT /api/v1/users/1111 HTTP/1.1" 200 52
::1 - - [16/Aug/2024:15:28:17 +0000] "PUT /api/v1/users/1111 HTTP/1.1" 200 52
::1 - - [16/Aug/2024:15:28:42 +0000] "PUT /api/v1/users/1111 HTTP/1.1" 200 52
::1 - - [16/Aug/2024:15:29:15 +0000] "PUT /api/v1/users/11 HTTP/1.1" 200 52
::1 - - [16/Aug/2024:15:29:18 +0000] "GET /api/v1/users?_limit=7 HTTP/1.1" 200 1395
::1 - - [16/Aug/2024:15:30:03 +0000] "PUT /api/v1/users/11 HTTP/1.1" 500 1722
::1 - - [16/Aug/2024:15:30:10 +0000] "PUT /api/v1/users/11 HTTP/1.1" 200 52
::1 - - [16/Aug/2024:15:30:22 +0000] "PUT /api/v1/users/18 HTTP/1.1" 200 52
::1 - - [16/Aug/2024:15:30:28 +0000] "PUT /api/v1/users/10 HTTP/1.1" 200 52
::1 - - [16/Aug/2024:15:31:58 +0000] "PUT /api/v1/users/10 HTTP/1.1" 200 52
::1 - - [16/Aug/2024:15:34:36 +0000] "PUT /api/v1/users/10 HTTP/1.1" 200 52
::1 - - [16/Aug/2024:15:34:44 +0000] "PUT /api/v1/users/10 HTTP/1.1" 200 52
::1 - - [16/Aug/2024:15:35:18 +0000] "PUT /api/v1/users/10 HTTP/1.1" 200 52
::1 - - [16/Aug/2024:15:35:29 +0000] "PUT /api/v1/users/10 HTTP/1.1" 500 72
::1 - - [16/Aug/2024:15:36:06 +0000] "PUT /api/v1/users/10 HTTP/1.1" 500 72
::1 - - [16/Aug/2024:15:38:58 +0000] "PUT /api/v1/users/10 HTTP/1.1" 404 60
::1 - - [16/Aug/2024:15:39:11 +0000] "PUT /api/v1/users/18 HTTP/1.1" 404 60
::1 - - [16/Aug/2024:15:39:26 +0000] "GET /api/v1/users?_limit=7 HTTP/1.1" 200 1395
::1 - - [16/Aug/2024:15:39:35 +0000] "PUT /api/v1/users/18 HTTP/1.1" 404 60
::1 - - [16/Aug/2024:15:39:58 +0000] "PUT /api/v1/users/18 HTTP/1.1" 500 72
::1 - - [16/Aug/2024:15:40:12 +0000] "PUT /api/v1/users/18 HTTP/1.1" 200 52
::1 - - [16/Aug/2024:15:40:19 +0000] "PUT /api/v1/users/10 HTTP/1.1" 200 52
::1 - - [16/Aug/2024:15:40:38 +0000] "PUT /api/v1/users/10 HTTP/1.1" 200 52
::1 - - [16/Aug/2024:15:40:55 +0000] "PUT /api/v1/users/10 HTTP/1.1" 200 52
::1 - - [16/Aug/2024:15:41:00 +0000] "PUT /api/v1/users/18 HTTP/1.1" 200 52
::1 - - [16/Aug/2024:15:41:23 +0000] "PUT /api/v1/users/10 HTTP/1.1" 404 60
::1 - - [16/Aug/2024:15:41:30 +0000] "PUT /api/v1/users/18 HTTP/1.1" 404 60
::1 - - [16/Aug/2024:15:41:59 +0000] "PUT /api/v1/users/18 HTTP/1.1" 404 60
::1 - - [16/Aug/2024:15:42:07 +0000] "PUT /api/v1/users/18 HTTP/1.1" 200 52
::1 - - [16/Aug/2024:15:42:18 +0000] "PUT /api/v1/users/10 HTTP/1.1" 200 52
::1 - - [16/Aug/2024:15:42:44 +0000] "PUT /api/v1/users/10 HTTP/1.1" 200 52
::1 - - [16/Aug/2024:15:43:22 +0000] "PUT /api/v1/users/117 HTTP/1.1" 200 52
::1 - - [16/Aug/2024:15:43:26 +0000] "PUT /api/v1/users/17 HTTP/1.1" 200 52
::1 - - [16/Aug/2024:15:45:25 +0000] "PUT /api/v1/users/17 HTTP/1.1" 404 60
::1 - - [16/Aug/2024:15:45:30 +0000] "PUT /api/v1/users/10 HTTP/1.1" 404 60
::1 - - [16/Aug/2024:15:45:48 +0000] "PUT /api/v1/users/10 HTTP/1.1" 200 52
::1 - - [16/Aug/2024:15:45:52 +0000] "PUT /api/v1/users/17 HTTP/1.1" 200 52
::1 - - [16/Aug/2024:15:46:02 +0000] "PUT /api/v1/users/17 HTTP/1.1" 404 60
::1 - - [16/Aug/2024:15:46:05 +0000] "PUT /api/v1/users/12222 HTTP/1.1" 404 60
::1 - - [16/Aug/2024:15:47:08 +0000] "PUT /api/v1/users/12222 HTTP/1.1" 404 60
::1 - - [16/Aug/2024:15:47:15 +0000] "PUT /api/v1/users/17 HTTP/1.1" 404 60
::1 - - [16/Aug/2024:15:47:50 +0000] "PUT /api/v1/users/17 HTTP/1.1" 404 60
::1 - - [16/Aug/2024:15:47:56 +0000] "PUT /api/v1/users/10 HTTP/1.1" 200 52
::1 - - [16/Aug/2024:15:48:12 +0000] "PUT /api/v1/users/10 HTTP/1.1" 404 60
::1 - - [16/Aug/2024:15:48:15 +0000] "PUT /api/v1/users/17 HTTP/1.1" 200 52
::1 - - [16/Aug/2024:15:49:19 +0000] "PUT /api/v1/users/1 HTTP/1.1" 200 52
::1 - - [16/Aug/2024:15:49:23 +0000] "PUT /api/v1/users/3333 HTTP/1.1" 404 60
::1 - - [16/Aug/2024:15:49:47 +0000] "PUT /api/v1/users/1 HTTP/1.1" 400 97
::1 - - [16/Aug/2024:15:49:55 +0000] "PUT /api/v1/users/1 HTTP/1.1" 200 52
::1 - - [16/Aug/2024:15:50:00 +0000] "GET /api/v1/users?_limit=7 HTTP/1.1" 200 1423
::1 - - [16/Aug/2024:15:50:11 +0000] "GET /api/v1/users?_limit=7&_order=asc HTTP/1.1" 200 1423
::1 - - [16/Aug/2024:15:51:47 +0000] "PUT /api/v1/users/1 HTTP/1.1" 400 77
::1 - - [16/Aug/2024:15:52:00 +0000] "PUT /api/v1/users/1 HTTP/1.1" 200 52
::1 - - [16/Aug/2024:15:52:04 +0000] "GET /api/v1/users?_limit=7&_order=asc HTTP/1.1" 200 1424
::1 - - [16/Aug/2024:15:52:22 +0000] "PUT /api/v1/users/1 HTTP/1.1" 400 80
::1 - - [16/Aug/2024:15:52:26 +0000] "PUT /api/v1/users/1 HTTP/1.1" 200 52
::1 - - [16/Aug/2024:15:53:06 +0000] "PUT /api/v1/users/1 HTTP/1.1" 400 97
::1 - - [16/Aug/2024:15:53:13 +0000] "PUT /api/v1/users/1 HTTP/1.1" 400 135
::1 - - [16/Aug/2024:15:54:51 +0000] "PATCH /api/v1/users/1 HTTP/1.1" 200 2
::1 - - [16/Aug/2024:15:56:44 +0000] "PATCH /api/v1/users/1 HTTP/1.1" 200 3
::1 - - [16/Aug/2024:15:57:05 +0000] "GET /api/v1/users?_limit=7&_order=asc HTTP/1.1" 200 1420
::1 - - [16/Aug/2024:15:57:17 +0000] "PATCH /api/v1/users/1 HTTP/1.1" 200 3
::1 - - [16/Aug/2024:15:57:22 +0000] "GET /api/v1/users?_limit=7&_order=asc HTTP/1.1" 200 1413
::1 - - [16/Aug/2024:15:57:32 +0000] "PATCH /api/v1/users/1 HTTP/1.1" 200 3
::1 - - [16/Aug/2024:15:57:35 +0000] "GET /api/v1/users?_limit=7&_order=asc HTTP/1.1" 200 1419
::1 - - [16/Aug/2024:16:01:24 +0000] "PATCH /api/v1/users/1 HTTP/1.1" 400 118
::1 - - [16/Aug/2024:16:01:39 +0000] "PATCH /api/v1/users/1 HTTP/1.1" 200 52
::1 - - [16/Aug/2024:16:01:46 +0000] "PATCH /api/v1/users/424242 HTTP/1.1" 400 80
::1 - - [16/Aug/2024:16:03:10 +0000] "PUT /api/v1/users/424242 HTTP/1.1" 400 80
::1 - - [16/Aug/2024:16:03:20 +0000] "PUT /api/v1/users/424242 HTTP/1.1" 404 60
::1 - - [16/Aug/2024:16:03:28 +0000] "PATCH /api/v1/users/424242 HTTP/1.1" 404 60
::1 - - [16/Aug/2024:16:03:32 +0000] "PATCH /api/v1/users/424242 HTTP/1.1" 404 60
::1 - - [16/Aug/2024:16:03:39 +0000] "PUT /api/v1/users/424242 HTTP/1.1" 404 60
::1 - - [16/Aug/2024:16:03:44 +0000] "PUT /api/v1/users/424242 HTTP/1.1" 404 60
::1 - - [16/Aug/2024:16:03:49 +0000] "GET /api/v1/users?_limit=7&_order=asc HTTP/1.1" 200 1430
::1 - - [16/Aug/2024:16:04:00 +0000] "PUT /api/v1/users/424242 HTTP/1.1" 400 80
::1 - - [16/Aug/2024:16:06:17 +0000] "DELETE /api/v1/users/424242 HTTP/1.1" 200 15
::1 - - [16/Aug/2024:16:06:25 +0000] "DELETE /api/v1/users/1 HTTP/1.1" 200 10
::1 - - [16/Aug/2024:16:07:43 +0000] "DELETE /api/v1/users/18 HTTP/1.1" 200 12
::1 - - [16/Aug/2024:16:07:45 +0000] "GET /api/v1/users?_limit=7&_order=asc HTTP/1.1" 200 1235
::1 - - [16/Aug/2024:16:09:11 +0000] "DELETE /api/v1/users/17 HTTP/1.1" 204 -
::1 - - [16/Aug/2024:16:09:25 +0000] "GET /api/v1/users?_limit=7&_order=asc HTTP/1.1" 200 1043
::1 - - [16/Aug/2024:16:10:21 +0000] "DELETE /api/v1/users/16 HTTP/1.1" 200 50
::1 - - [16/Aug/2024:16:10:25 +0000] "GET /api/v1/users?_limit=7&_order=asc HTTP/1.1" 200 855
::1 - - [16/Aug/2024:16:11:13 +0000] "DELETE /api/v1/users/15 HTTP/1.1" 204 -
::1 - - [16/Aug/2024:16:11:44 +0000] "DELETE /api/v1/users/14 HTTP/1.1" 200 58
::1 - - [16/Aug/2024:16:12:04 +0000] "GET /api/v1/users HTTP/1.1" 401 66
::1 - - [16/Aug/2024:16:14:00 +0000] "DELETE /api/v1/users/14 HTTP/1.1" 200 50
::1 - - [16/Aug/2024:16:14:07 +0000] "DELETE /api/v1/users/14 HTTP/1.1" 200 50
::1 - - [16/Aug/2024:16:14:22 +0000] "DELETE /api/v1/users/14 HTTP/1.1" 200 58
::1 - - [16/Aug/2024:16:14:33 +0000] "DELETE /api/v1/users/14 HTTP/1.1" 204 -
::1 - - [16/Aug/2024:16:14:55 +0000] "DELETE /api/v1/users/14 HTTP/1.1" 204 -
::1 - - [16/Aug/2024:16:15:00 +0000] "DELETE /api/v1/users/14 HTTP/1.1" 204 -
::1 - - [16/Aug/2024:16:15:02 +0000] "GET /api/v1/users?_limit=7&_order=asc HTTP/1.1" 200 472
::1 - - [16/Aug/2024:16:15:24 +0000] "POST /api/v1/users HTTP/1.1" 400 77
::1 - - [16/Aug/2024:16:15:32 +0000] "POST /api/v1/users HTTP/1.1" 201 244
::1 - - [16/Aug/2024:16:15:37 +0000] "POST /api/v1/users HTTP/1.1" 201 244
::1 - - [16/Aug/2024:16:15:40 +0000] "POST /api/v1/users HTTP/1.1" 201 244
::1 - - [16/Aug/2024:16:15:44 +0000] "POST /api/v1/users HTTP/1.1" 201 244
::1 - - [16/Aug/2024:16:15:46 +0000] "GET /api/v1/users?_limit=7&_order=asc HTTP/1.1" 200 1236
::1 - - [16/Aug/2024:16:16:01 +0000] "DELETE /api/v1/users/22 HTTP/1.1" 204 -
::1 - - [16/Aug/2024:16:16:13 +0000] "DELETE /api/v1/users/22 HTTP/1.1" 204 -
::1 - - [16/Aug/2024:16:16:16 +0000] "DELETE /api/v1/users/21 HTTP/1.1" 204 -
::1 - - [16/Aug/2024:16:16:19 +0000] "GET /api/v1/users?_limit=7&_order=asc HTTP/1.1" 200 854
::1 - - [16/Aug/2024:16:16:37 +0000] "DELETE /api/v1/users/21 HTTP/1.1" 200 50
::1 - - [16/Aug/2024:16:16:46 +0000] "DELETE /api/v1/users/20 HTTP/1.1" 200 50
::1 - - [16/Aug/2024:16:19:07 +0000] "DELETE /api/v1/users/20 HTTP/1.1" 500 72
::1 - - [16/Aug/2024:16:20:30 +0000] "DELETE /api/v1/users/20 HTTP/1.1" 500 72
::1 - - [16/Aug/2024:16:21:18 +0000] "DELETE /api/v1/users/20 HTTP/1.1" 500 72
::1 - - [16/Aug/2024:16:22:27 +0000] "DELETE /api/v1/users/20 HTTP/1.1" 500 72
::1 - - [16/Aug/2024:16:22:35 +0000] "DELETE /api/v1/users/20 HTTP/1.1" 500 72
::1 - - [16/Aug/2024:16:23:06 +0000] "DELETE /api/v1/users/20 HTTP/1.1" 500 72
::1 - - [16/Aug/2024:16:23:13 +0000] "GET /api/v1/users?_limit=7&_order=asc HTTP/1.1" 200 663
::1 - - [16/Aug/2024:16:23:19 +0000] "DELETE /api/v1/users/19 HTTP/1.1" 200 50
::1 - - [16/Aug/2024:16:23:23 +0000] "GET /api/v1/users?_limit=7&_order=asc HTTP/1.1" 200 472
::1 - - [16/Aug/2024:16:23:28 +0000] "DELETE /api/v1/users/19 HTTP/1.1" 500 72
::1 - - [16/Aug/2024:16:24:02 +0000] "DELETE /api/v1/users/19 HTTP/1.1" 404 60
::1 - - [16/Aug/2024:16:24:25 +0000] "DELETE /api/v1/users/19 HTTP/1.1" 404 60
::1 - - [16/Aug/2024:16:24:31 +0000] "DELETE /api/v1/users/2 HTTP/1.1" 500 174
::1 - - [16/Aug/2024:16:24:58 +0000] "DELETE /api/v1/users/2 HTTP/1.1" - -
::1 - - [16/Aug/2024:16:25:05 +0000] "DELETE /api/v1/users/1 HTTP/1.1" - -
::1 - - [16/Aug/2024:16:25:14 +0000] "DELETE /api/v1/users/23 HTTP/1.1" 404 60
::1 - - [16/Aug/2024:16:36:01 +0000] "DELETE /api/v1/users HTTP/1.1" 200 2
::1 - - [16/Aug/2024:16:36:53 +0000] "POST /api/v1/users HTTP/1.1" 400 153
::1 - - [16/Aug/2024:16:37:09 +0000] "POST /api/v1/users HTTP/1.1" 400 126
::1 - - [16/Aug/2024:16:37:32 +0000] "POST /api/v1/users HTTP/1.1" 201 236
::1 - - [16/Aug/2024:16:37:35 +0000] "POST /api/v1/users HTTP/1.1" 201 237
::1 - - [16/Aug/2024:16:37:40 +0000] "POST /api/v1/users HTTP/1.1" 201 237
::1 - - [16/Aug/2024:16:37:46 +0000] "POST /api/v1/users HTTP/1.1" 201 237
::1 - - [16/Aug/2024:16:37:50 +0000] "POST /api/v1/users HTTP/1.1" 201 237
::1 - - [16/Aug/2024:16:37:53 +0000] "POST /api/v1/users HTTP/1.1" 201 237
::1 - - [16/Aug/2024:16:37:57 +0000] "GET /api/v1/users?_limit=7&_order=asc HTTP/1.1" 200 1391
::1 - - [16/Aug/2024:16:38:23 +0000] "DELETE /api/v1/users HTTP/1.1" 200 2
::1 - - [16/Aug/2024:16:38:39 +0000] "DELETE /api/v1/users HTTP/1.1" 200 18
::1 - - [16/Aug/2024:16:38:57 +0000] "DELETE /api/v1/users HTTP/1.1" 200 18
::1 - - [16/Aug/2024:16:39:00 +0000] "DELETE /api/v1/users HTTP/1.1" 500 1722
::1 - - [16/Aug/2024:16:39:10 +0000] "DELETE /api/v1/users HTTP/1.1" 400 29
::1 - - [16/Aug/2024:16:41:45 +0000] "DELETE /api/v1/users HTTP/1.1" 404 60
::1 - - [16/Aug/2024:16:42:13 +0000] "DELETE /api/v1/users HTTP/1.1" 200 12
::1 - - [16/Aug/2024:16:42:41 +0000] "DELETE /api/v1/users HTTP/1.1" 200 16
::1 - - [16/Aug/2024:16:43:16 +0000] "DELETE /api/v1/users HTTP/1.1" 200 12
::1 - - [16/Aug/2024:16:44:10 +0000] "DELETE /api/v1/users HTTP/1.1" 404 60
::1 - - [16/Aug/2024:16:45:01 +0000] "DELETE /api/v1/users HTTP/1.1" 404 60
::1 - - [16/Aug/2024:16:45:05 +0000] "DELETE /api/v1/users HTTP/1.1" 200 50
::1 - - [16/Aug/2024:16:45:09 +0000] "GET /api/v1/users?_limit=7&_order=asc HTTP/1.1" 200 1391
::1 - - [16/Aug/2024:16:45:18 +0000] "DELETE /api/v1/users HTTP/1.1" 200 50
::1 - - [16/Aug/2024:16:45:23 +0000] "DELETE /api/v1/users HTTP/1.1" 404 60
::1 - - [16/Aug/2024:16:45:28 +0000] "DELETE /api/v1/users HTTP/1.1" 404 60
::1 - - [16/Aug/2024:16:45:32 +0000] "DELETE /api/v1/users HTTP/1.1" 500 1722
::1 - - [16/Aug/2024:16:46:11 +0000] "DELETE /api/v1/users HTTP/1.1" - -
::1 - - [16/Aug/2024:16:46:17 +0000] "DELETE /api/v1/users HTTP/1.1" 200 50
::1 - - [16/Aug/2024:16:46:25 +0000] "GET /api/v1/users?_limit=7&_order=asc HTTP/1.1" 200 1023
::1 - - [16/Aug/2024:16:47:07 +0000] "DELETE /api/v1/users HTTP/1.1" 404 60
::1 - - [16/Aug/2024:16:47:45 +0000] "DELETE /api/v1/users HTTP/1.1" 500 117
::1 - - [16/Aug/2024:16:47:50 +0000] "DELETE /api/v1/users HTTP/1.1" 500 117
